{"C:\\Users\\jayad\\Desktop\\onelove_BE_UAT\\oneLove_BE_dev\\server.js":{"path":"C:\\Users\\jayad\\Desktop\\onelove_BE_UAT\\oneLove_BE_dev\\server.js","statementMap":{"0":{"start":{"line":1,"column":13},"end":{"line":1,"column":28}},"1":{"start":{"line":2,"column":12},"end":{"line":2,"column":28}},"2":{"start":{"line":3,"column":22},"end":{"line":3,"column":55}},"3":{"start":{"line":4,"column":12},"end":{"line":4,"column":36}},"4":{"start":{"line":5,"column":15},"end":{"line":5,"column":37}},"5":{"start":{"line":7,"column":0},"end":{"line":9,"column":5}},"6":{"start":{"line":8,"column":4},"end":{"line":8,"column":36}},"7":{"start":{"line":10,"column":0},"end":{"line":10,"column":20}},"8":{"start":{"line":11,"column":0},"end":{"line":11,"column":49}},"9":{"start":{"line":14,"column":0},"end":{"line":14,"column":21}}},"fnMap":{"0":{"name":"(anonymous_0)","decl":{"start":{"line":7,"column":23},"end":{"line":7,"column":24}},"loc":{"start":{"line":7,"column":29},"end":{"line":9,"column":3}},"line":7}},"branchMap":{"0":{"loc":{"start":{"line":4,"column":12},"end":{"line":4,"column":36}},"type":"binary-expr","locations":[{"start":{"line":4,"column":12},"end":{"line":4,"column":28}},{"start":{"line":4,"column":32},"end":{"line":4,"column":36}}],"line":4}},"s":{"0":1,"1":1,"2":1,"3":1,"4":1,"5":1,"6":1,"7":1,"8":1,"9":1},"f":{"0":1},"b":{"0":[1,1]},"_coverageSchema":"1a1c01bbd47fc00a2c39e90264f33305004495a9","hash":"237ec1305e07252134c2cf5d65a39ee8c824fd2f","contentHash":"3cc57f4d0103605b7372a20bfe338ed27e045b9ad15db52ba26672d1430da84a"},"C:\\Users\\jayad\\Desktop\\onelove_BE_UAT\\oneLove_BE_dev\\app.js":{"path":"C:\\Users\\jayad\\Desktop\\onelove_BE_UAT\\oneLove_BE_dev\\app.js","statementMap":{"0":{"start":{"line":1,"column":14},"end":{"line":1,"column":30}},"1":{"start":{"line":2,"column":16},"end":{"line":2,"column":34}},"2":{"start":{"line":3,"column":12},"end":{"line":3,"column":21}},"3":{"start":{"line":4,"column":0},"end":{"line":4,"column":27}},"4":{"start":{"line":5,"column":19},"end":{"line":5,"column":44}},"5":{"start":{"line":6,"column":19},"end":{"line":6,"column":48}},"6":{"start":{"line":7,"column":17},"end":{"line":7,"column":44}},"7":{"start":{"line":8,"column":13},"end":{"line":8,"column":28}},"8":{"start":{"line":15,"column":14},"end":{"line":15,"column":41}},"9":{"start":{"line":16,"column":13},"end":{"line":16,"column":39}},"10":{"start":{"line":17,"column":17},"end":{"line":17,"column":49}},"11":{"start":{"line":18,"column":16},"end":{"line":18,"column":54}},"12":{"start":{"line":19,"column":16},"end":{"line":19,"column":61}},"13":{"start":{"line":20,"column":21},"end":{"line":20,"column":64}},"14":{"start":{"line":21,"column":14},"end":{"line":21,"column":42}},"15":{"start":{"line":22,"column":16},"end":{"line":22,"column":48}},"16":{"start":{"line":23,"column":15},"end":{"line":23,"column":48}},"17":{"start":{"line":24,"column":13},"end":{"line":24,"column":49}},"18":{"start":{"line":25,"column":15},"end":{"line":25,"column":47}},"19":{"start":{"line":26,"column":14},"end":{"line":26,"column":45}},"20":{"start":{"line":27,"column":16},"end":{"line":27,"column":56}},"21":{"start":{"line":28,"column":15},"end":{"line":28,"column":45}},"22":{"start":{"line":29,"column":16},"end":{"line":29,"column":49}},"23":{"start":{"line":33,"column":0},"end":{"line":33,"column":20}},"24":{"start":{"line":34,"column":0},"end":{"line":34,"column":22}},"25":{"start":{"line":35,"column":0},"end":{"line":35,"column":32}},"26":{"start":{"line":36,"column":0},"end":{"line":36,"column":30}},"27":{"start":{"line":37,"column":0},"end":{"line":37,"column":39}},"28":{"start":{"line":38,"column":0},"end":{"line":38,"column":36}},"29":{"start":{"line":39,"column":0},"end":{"line":39,"column":36}},"30":{"start":{"line":40,"column":0},"end":{"line":40,"column":46}},"31":{"start":{"line":41,"column":0},"end":{"line":41,"column":32}},"32":{"start":{"line":42,"column":0},"end":{"line":42,"column":37}},"33":{"start":{"line":43,"column":0},"end":{"line":43,"column":34}},"34":{"start":{"line":44,"column":0},"end":{"line":44,"column":31}},"35":{"start":{"line":45,"column":0},"end":{"line":45,"column":33}},"36":{"start":{"line":46,"column":0},"end":{"line":46,"column":32}},"37":{"start":{"line":47,"column":0},"end":{"line":47,"column":36}},"38":{"start":{"line":48,"column":0},"end":{"line":48,"column":33}},"39":{"start":{"line":49,"column":0},"end":{"line":49,"column":36}},"40":{"start":{"line":53,"column":0},"end":{"line":53,"column":20}}},"fnMap":{},"branchMap":{},"s":{"0":1,"1":1,"2":1,"3":1,"4":1,"5":1,"6":1,"7":1,"8":1,"9":1,"10":1,"11":1,"12":1,"13":1,"14":1,"15":1,"16":1,"17":1,"18":1,"19":1,"20":1,"21":1,"22":1,"23":1,"24":1,"25":1,"26":1,"27":1,"28":1,"29":1,"30":1,"31":1,"32":1,"33":1,"34":1,"35":1,"36":1,"37":1,"38":1,"39":1,"40":1},"f":{},"b":{},"_coverageSchema":"1a1c01bbd47fc00a2c39e90264f33305004495a9","hash":"3e3561a5bf53f3e50c6aae2d97b66525162bca3d","contentHash":"186d0876b9c127de8dc4fc8ce5c052e5051a050ac8bac355b790ccf680c1048a"},"C:\\Users\\jayad\\Desktop\\onelove_BE_UAT\\oneLove_BE_dev\\dbConnection.js":{"path":"C:\\Users\\jayad\\Desktop\\onelove_BE_UAT\\oneLove_BE_dev\\dbConnection.js","statementMap":{"0":{"start":{"line":1,"column":14},"end":{"line":1,"column":31}},"1":{"start":{"line":2,"column":15},"end":{"line":2,"column":34}},"2":{"start":{"line":3,"column":0},"end":{"line":3,"column":27}},"3":{"start":{"line":7,"column":31},"end":{"line":7,"column":36}},"4":{"start":{"line":10,"column":6},"end":{"line":20,"column":9}},"5":{"start":{"line":22,"column":6},"end":{"line":53,"column":9}},"6":{"start":{"line":23,"column":8},"end":{"line":27,"column":9}},"7":{"start":{"line":24,"column":10},"end":{"line":24,"column":62}},"8":{"start":{"line":25,"column":10},"end":{"line":25,"column":45}},"9":{"start":{"line":26,"column":10},"end":{"line":26,"column":17}},"10":{"start":{"line":29,"column":8},"end":{"line":29,"column":51}},"11":{"start":{"line":31,"column":36},"end":{"line":39,"column":30}},"12":{"start":{"line":32,"column":10},"end":{"line":38,"column":13}},"13":{"start":{"line":33,"column":12},"end":{"line":37,"column":13}},"14":{"start":{"line":34,"column":14},"end":{"line":34,"column":53}},"15":{"start":{"line":35,"column":14},"end":{"line":35,"column":49}},"16":{"start":{"line":36,"column":14},"end":{"line":36,"column":33}},"17":{"start":{"line":42,"column":8},"end":{"line":52,"column":11}},"18":{"start":{"line":43,"column":10},"end":{"line":43,"column":48}},"19":{"start":{"line":45,"column":10},"end":{"line":51,"column":11}},"20":{"start":{"line":46,"column":12},"end":{"line":46,"column":59}},"21":{"start":{"line":47,"column":12},"end":{"line":47,"column":47}},"22":{"start":{"line":48,"column":12},"end":{"line":48,"column":31}},"23":{"start":{"line":50,"column":12},"end":{"line":50,"column":73}},"24":{"start":{"line":56,"column":4},"end":{"line":56,"column":23}},"25":{"start":{"line":58,"column":4},"end":{"line":58,"column":42}}},"fnMap":{"0":{"name":"handleDisconnect","decl":{"start":{"line":9,"column":13},"end":{"line":9,"column":29}},"loc":{"start":{"line":9,"column":32},"end":{"line":54,"column":5}},"line":9},"1":{"name":"(anonymous_1)","decl":{"start":{"line":22,"column":25},"end":{"line":22,"column":26}},"loc":{"start":{"line":22,"column":34},"end":{"line":53,"column":7}},"line":22},"2":{"name":"(anonymous_2)","decl":{"start":{"line":31,"column":48},"end":{"line":31,"column":49}},"loc":{"start":{"line":31,"column":54},"end":{"line":39,"column":9}},"line":31},"3":{"name":"(anonymous_3)","decl":{"start":{"line":32,"column":39},"end":{"line":32,"column":40}},"loc":{"start":{"line":32,"column":48},"end":{"line":38,"column":11}},"line":32},"4":{"name":"(anonymous_4)","decl":{"start":{"line":42,"column":31},"end":{"line":42,"column":32}},"loc":{"start":{"line":42,"column":40},"end":{"line":52,"column":9}},"line":42}},"branchMap":{"0":{"loc":{"start":{"line":23,"column":8},"end":{"line":27,"column":9}},"type":"if","locations":[{"start":{"line":23,"column":8},"end":{"line":27,"column":9}},{"start":{"line":23,"column":8},"end":{"line":27,"column":9}}],"line":23},"1":{"loc":{"start":{"line":33,"column":12},"end":{"line":37,"column":13}},"type":"if","locations":[{"start":{"line":33,"column":12},"end":{"line":37,"column":13}},{"start":{"line":33,"column":12},"end":{"line":37,"column":13}}],"line":33},"2":{"loc":{"start":{"line":45,"column":10},"end":{"line":51,"column":11}},"type":"if","locations":[{"start":{"line":45,"column":10},"end":{"line":51,"column":11}},{"start":{"line":45,"column":10},"end":{"line":51,"column":11}}],"line":45}},"s":{"0":1,"1":1,"2":1,"3":1,"4":1,"5":1,"6":1,"7":0,"8":0,"9":0,"10":1,"11":1,"12":1,"13":1,"14":0,"15":0,"16":0,"17":1,"18":0,"19":0,"20":0,"21":0,"22":0,"23":0,"24":1,"25":1},"f":{"0":1,"1":1,"2":1,"3":1,"4":0},"b":{"0":[0,1],"1":[0,1],"2":[0,0]},"_coverageSchema":"1a1c01bbd47fc00a2c39e90264f33305004495a9","hash":"d9c267278a0a8c4a57662bdf89761add102fa680","contentHash":"7f6e61098a2005aaf8a56cc63dc578f9d60afa6d2d6c166a1126cfa1f7bbc73e"},"C:\\Users\\jayad\\Desktop\\onelove_BE_UAT\\oneLove_BE_dev\\logger.js":{"path":"C:\\Users\\jayad\\Desktop\\onelove_BE_UAT\\oneLove_BE_dev\\logger.js","statementMap":{"0":{"start":{"line":1,"column":16},"end":{"line":1,"column":34}},"1":{"start":{"line":4,"column":18},"end":{"line":10,"column":1}},"2":{"start":{"line":12,"column":18},"end":{"line":18,"column":1}},"3":{"start":{"line":21,"column":15},"end":{"line":41,"column":2}},"4":{"start":{"line":44,"column":0},"end":{"line":48,"column":2}},"5":{"start":{"line":46,"column":4},"end":{"line":46,"column":32}},"6":{"start":{"line":50,"column":0},"end":{"line":50,"column":24}}},"fnMap":{"0":{"name":"(anonymous_0)","decl":{"start":{"line":45,"column":9},"end":{"line":45,"column":10}},"loc":{"start":{"line":45,"column":22},"end":{"line":47,"column":3}},"line":45}},"branchMap":{},"s":{"0":1,"1":1,"2":1,"3":1,"4":1,"5":0,"6":1},"f":{"0":0},"b":{},"_coverageSchema":"1a1c01bbd47fc00a2c39e90264f33305004495a9","hash":"383ec8a63ff70dc5b69b9e56e4c6607fea2e013f","contentHash":"9a71f53ab3b02c94404368a5decc2b147f3bca52021d9a0b21cfda3782d46d87"},"C:\\Users\\jayad\\Desktop\\onelove_BE_UAT\\oneLove_BE_dev\\src\\store\\item.js":{"path":"C:\\Users\\jayad\\Desktop\\onelove_BE_UAT\\oneLove_BE_dev\\src\\store\\item.js","statementMap":{"0":{"start":{"line":1,"column":16},"end":{"line":1,"column":34}},"1":{"start":{"line":2,"column":14},"end":{"line":2,"column":30}},"2":{"start":{"line":3,"column":19},"end":{"line":3,"column":41}},"3":{"start":{"line":4,"column":17},"end":{"line":4,"column":49}},"4":{"start":{"line":5,"column":15},"end":{"line":5,"column":38}},"5":{"start":{"line":6,"column":11},"end":{"line":6,"column":40}},"6":{"start":{"line":7,"column":22},"end":{"line":7,"column":52}},"7":{"start":{"line":8,"column":20},"end":{"line":8,"column":57}},"8":{"start":{"line":10,"column":0},"end":{"line":10,"column":26}},"9":{"start":{"line":11,"column":0},"end":{"line":11,"column":50}},"10":{"start":{"line":16,"column":4},"end":{"line":56,"column":5}},"11":{"start":{"line":18,"column":8},"end":{"line":18,"column":36}},"12":{"start":{"line":20,"column":42},"end":{"line":20,"column":50}},"13":{"start":{"line":21,"column":25},"end":{"line":21,"column":91}},"14":{"start":{"line":22,"column":28},"end":{"line":22,"column":67}},"15":{"start":{"line":23,"column":30},"end":{"line":23,"column":67}},"16":{"start":{"line":24,"column":25},"end":{"line":24,"column":45}},"17":{"start":{"line":26,"column":155},"end":{"line":26,"column":163}},"18":{"start":{"line":27,"column":24},"end":{"line":27,"column":236}},"19":{"start":{"line":28,"column":27},"end":{"line":28,"column":189}},"20":{"start":{"line":29,"column":29},"end":{"line":29,"column":64}},"21":{"start":{"line":30,"column":24},"end":{"line":30,"column":43}},"22":{"start":{"line":32,"column":8},"end":{"line":32,"column":26}},"23":{"start":{"line":34,"column":25},"end":{"line":34,"column":94}},"24":{"start":{"line":35,"column":33},"end":{"line":35,"column":57}},"25":{"start":{"line":37,"column":8},"end":{"line":49,"column":9}},"26":{"start":{"line":38,"column":32},"end":{"line":40,"column":46}},"27":{"start":{"line":39,"column":32},"end":{"line":39,"column":88}},"28":{"start":{"line":40,"column":29},"end":{"line":40,"column":45}},"29":{"start":{"line":41,"column":12},"end":{"line":48,"column":13}},"30":{"start":{"line":42,"column":29},"end":{"line":42,"column":87}},"31":{"start":{"line":43,"column":32},"end":{"line":43,"column":44}},"32":{"start":{"line":44,"column":33},"end":{"line":44,"column":57}},"33":{"start":{"line":45,"column":16},"end":{"line":47,"column":17}},"34":{"start":{"line":46,"column":20},"end":{"line":46,"column":88}},"35":{"start":{"line":50,"column":8},"end":{"line":50,"column":65}},"36":{"start":{"line":53,"column":8},"end":{"line":53,"column":28}},"37":{"start":{"line":54,"column":8},"end":{"line":54,"column":51}},"38":{"start":{"line":55,"column":8},"end":{"line":55,"column":64}},"39":{"start":{"line":60,"column":0},"end":{"line":74,"column":3}},"40":{"start":{"line":62,"column":25},"end":{"line":62,"column":28}},"41":{"start":{"line":63,"column":4},"end":{"line":65,"column":5}},"42":{"start":{"line":64,"column":8},"end":{"line":64,"column":66}},"43":{"start":{"line":67,"column":4},"end":{"line":73,"column":10}},"44":{"start":{"line":69,"column":8},"end":{"line":69,"column":58}},"45":{"start":{"line":72,"column":8},"end":{"line":72,"column":56}},"46":{"start":{"line":78,"column":0},"end":{"line":100,"column":3}},"47":{"start":{"line":80,"column":16},"end":{"line":85,"column":65}},"48":{"start":{"line":86,"column":4},"end":{"line":99,"column":5}},"49":{"start":{"line":87,"column":26},"end":{"line":87,"column":45}},"50":{"start":{"line":89,"column":29},"end":{"line":89,"column":64}},"51":{"start":{"line":90,"column":8},"end":{"line":93,"column":11}},"52":{"start":{"line":95,"column":8},"end":{"line":95,"column":55}},"53":{"start":{"line":96,"column":8},"end":{"line":98,"column":11}},"54":{"start":{"line":103,"column":0},"end":{"line":131,"column":3}},"55":{"start":{"line":104,"column":25},"end":{"line":104,"column":28}},"56":{"start":{"line":105,"column":4},"end":{"line":107,"column":5}},"57":{"start":{"line":106,"column":8},"end":{"line":106,"column":66}},"58":{"start":{"line":108,"column":20},"end":{"line":108,"column":37}},"59":{"start":{"line":109,"column":16},"end":{"line":115,"column":35}},"60":{"start":{"line":116,"column":4},"end":{"line":130,"column":5}},"61":{"start":{"line":117,"column":26},"end":{"line":117,"column":53}},"62":{"start":{"line":119,"column":28},"end":{"line":119,"column":63}},"63":{"start":{"line":121,"column":8},"end":{"line":124,"column":11}},"64":{"start":{"line":126,"column":8},"end":{"line":126,"column":55}},"65":{"start":{"line":127,"column":8},"end":{"line":129,"column":11}},"66":{"start":{"line":135,"column":0},"end":{"line":183,"column":3}},"67":{"start":{"line":137,"column":25},"end":{"line":137,"column":28}},"68":{"start":{"line":138,"column":4},"end":{"line":140,"column":5}},"69":{"start":{"line":139,"column":8},"end":{"line":139,"column":66}},"70":{"start":{"line":142,"column":21},"end":{"line":142,"column":39}},"71":{"start":{"line":144,"column":16},"end":{"line":151,"column":41}},"72":{"start":{"line":152,"column":4},"end":{"line":182,"column":5}},"73":{"start":{"line":153,"column":26},"end":{"line":153,"column":54}},"74":{"start":{"line":155,"column":29},"end":{"line":155,"column":64}},"75":{"start":{"line":156,"column":8},"end":{"line":175,"column":9}},"76":{"start":{"line":157,"column":42},"end":{"line":165,"column":15}},"77":{"start":{"line":157,"column":68},"end":{"line":165,"column":13}},"78":{"start":{"line":167,"column":12},"end":{"line":170,"column":15}},"79":{"start":{"line":172,"column":12},"end":{"line":174,"column":15}},"80":{"start":{"line":178,"column":8},"end":{"line":178,"column":55}},"81":{"start":{"line":179,"column":8},"end":{"line":181,"column":11}},"82":{"start":{"line":186,"column":0},"end":{"line":234,"column":3}},"83":{"start":{"line":187,"column":4},"end":{"line":233,"column":5}},"84":{"start":{"line":188,"column":38},"end":{"line":188,"column":47}},"85":{"start":{"line":190,"column":24},"end":{"line":190,"column":26}},"86":{"start":{"line":191,"column":23},"end":{"line":191,"column":25}},"87":{"start":{"line":193,"column":8},"end":{"line":196,"column":9}},"88":{"start":{"line":194,"column":12},"end":{"line":194,"column":42}},"89":{"start":{"line":195,"column":12},"end":{"line":195,"column":34}},"90":{"start":{"line":198,"column":8},"end":{"line":204,"column":9}},"91":{"start":{"line":199,"column":12},"end":{"line":201,"column":13}},"92":{"start":{"line":200,"column":16},"end":{"line":200,"column":37}},"93":{"start":{"line":202,"column":12},"end":{"line":202,"column":41}},"94":{"start":{"line":203,"column":12},"end":{"line":203,"column":33}},"95":{"start":{"line":206,"column":18},"end":{"line":209,"column":56}},"96":{"start":{"line":211,"column":8},"end":{"line":213,"column":9}},"97":{"start":{"line":212,"column":12},"end":{"line":212,"column":41}},"98":{"start":{"line":215,"column":26},"end":{"line":215,"column":53}},"99":{"start":{"line":216,"column":28},"end":{"line":216,"column":63}},"100":{"start":{"line":218,"column":8},"end":{"line":227,"column":9}},"101":{"start":{"line":219,"column":12},"end":{"line":222,"column":15}},"102":{"start":{"line":224,"column":12},"end":{"line":226,"column":15}},"103":{"start":{"line":229,"column":8},"end":{"line":229,"column":50}},"104":{"start":{"line":230,"column":8},"end":{"line":232,"column":11}},"105":{"start":{"line":237,"column":0},"end":{"line":330,"column":3}},"106":{"start":{"line":239,"column":25},"end":{"line":239,"column":28}},"107":{"start":{"line":240,"column":4},"end":{"line":242,"column":5}},"108":{"start":{"line":241,"column":8},"end":{"line":241,"column":66}},"109":{"start":{"line":244,"column":4},"end":{"line":329,"column":5}},"110":{"start":{"line":245,"column":24},"end":{"line":245,"column":41}},"111":{"start":{"line":247,"column":8},"end":{"line":247,"column":36}},"112":{"start":{"line":249,"column":155},"end":{"line":249,"column":163}},"113":{"start":{"line":251,"column":8},"end":{"line":298,"column":9}},"114":{"start":{"line":253,"column":26},"end":{"line":253,"column":52}},"115":{"start":{"line":254,"column":31},"end":{"line":254,"column":33}},"116":{"start":{"line":256,"column":12},"end":{"line":259,"column":13}},"117":{"start":{"line":257,"column":16},"end":{"line":257,"column":44}},"118":{"start":{"line":258,"column":16},"end":{"line":258,"column":44}},"119":{"start":{"line":260,"column":12},"end":{"line":263,"column":13}},"120":{"start":{"line":261,"column":16},"end":{"line":261,"column":47}},"121":{"start":{"line":262,"column":16},"end":{"line":262,"column":47}},"122":{"start":{"line":264,"column":12},"end":{"line":267,"column":13}},"123":{"start":{"line":265,"column":16},"end":{"line":265,"column":50}},"124":{"start":{"line":266,"column":16},"end":{"line":266,"column":50}},"125":{"start":{"line":268,"column":12},"end":{"line":271,"column":13}},"126":{"start":{"line":269,"column":16},"end":{"line":269,"column":50}},"127":{"start":{"line":270,"column":16},"end":{"line":270,"column":50}},"128":{"start":{"line":272,"column":12},"end":{"line":275,"column":13}},"129":{"start":{"line":273,"column":16},"end":{"line":273,"column":49}},"130":{"start":{"line":274,"column":16},"end":{"line":274,"column":49}},"131":{"start":{"line":276,"column":12},"end":{"line":279,"column":13}},"132":{"start":{"line":277,"column":16},"end":{"line":277,"column":42}},"133":{"start":{"line":278,"column":16},"end":{"line":278,"column":42}},"134":{"start":{"line":280,"column":12},"end":{"line":283,"column":13}},"135":{"start":{"line":281,"column":16},"end":{"line":281,"column":51}},"136":{"start":{"line":282,"column":16},"end":{"line":282,"column":51}},"137":{"start":{"line":284,"column":12},"end":{"line":287,"column":13}},"138":{"start":{"line":285,"column":16},"end":{"line":285,"column":49}},"139":{"start":{"line":286,"column":16},"end":{"line":286,"column":49}},"140":{"start":{"line":288,"column":12},"end":{"line":291,"column":13}},"141":{"start":{"line":289,"column":16},"end":{"line":289,"column":42}},"142":{"start":{"line":290,"column":16},"end":{"line":290,"column":58}},"143":{"start":{"line":293,"column":12},"end":{"line":293,"column":43}},"144":{"start":{"line":294,"column":12},"end":{"line":294,"column":43}},"145":{"start":{"line":295,"column":12},"end":{"line":295,"column":37}},"146":{"start":{"line":297,"column":12},"end":{"line":297,"column":48}},"147":{"start":{"line":300,"column":42},"end":{"line":300,"column":50}},"148":{"start":{"line":302,"column":8},"end":{"line":320,"column":9}},"149":{"start":{"line":303,"column":27},"end":{"line":303,"column":46}},"150":{"start":{"line":304,"column":32},"end":{"line":304,"column":34}},"151":{"start":{"line":306,"column":12},"end":{"line":309,"column":13}},"152":{"start":{"line":307,"column":16},"end":{"line":307,"column":45}},"153":{"start":{"line":308,"column":16},"end":{"line":308,"column":45}},"154":{"start":{"line":310,"column":12},"end":{"line":313,"column":13}},"155":{"start":{"line":311,"column":16},"end":{"line":311,"column":44}},"156":{"start":{"line":312,"column":16},"end":{"line":312,"column":60}},"157":{"start":{"line":315,"column":12},"end":{"line":315,"column":45}},"158":{"start":{"line":316,"column":12},"end":{"line":316,"column":87}},"159":{"start":{"line":317,"column":12},"end":{"line":317,"column":38}},"160":{"start":{"line":319,"column":12},"end":{"line":319,"column":50}},"161":{"start":{"line":321,"column":8},"end":{"line":321,"column":26}},"162":{"start":{"line":323,"column":8},"end":{"line":323,"column":64}},"163":{"start":{"line":325,"column":8},"end":{"line":325,"column":28}},"164":{"start":{"line":326,"column":8},"end":{"line":326,"column":58}},"165":{"start":{"line":328,"column":8},"end":{"line":328,"column":71}},"166":{"start":{"line":333,"column":0},"end":{"line":367,"column":3}},"167":{"start":{"line":335,"column":25},"end":{"line":335,"column":28}},"168":{"start":{"line":336,"column":4},"end":{"line":338,"column":5}},"169":{"start":{"line":337,"column":8},"end":{"line":337,"column":66}},"170":{"start":{"line":340,"column":4},"end":{"line":366,"column":5}},"171":{"start":{"line":341,"column":24},"end":{"line":341,"column":41}},"172":{"start":{"line":342,"column":8},"end":{"line":347,"column":9}},"173":{"start":{"line":343,"column":12},"end":{"line":345,"column":15}},"174":{"start":{"line":346,"column":12},"end":{"line":346,"column":19}},"175":{"start":{"line":349,"column":20},"end":{"line":349,"column":68}},"176":{"start":{"line":350,"column":25},"end":{"line":350,"column":55}},"177":{"start":{"line":352,"column":8},"end":{"line":360,"column":9}},"178":{"start":{"line":353,"column":12},"end":{"line":355,"column":15}},"179":{"start":{"line":357,"column":12},"end":{"line":359,"column":15}},"180":{"start":{"line":362,"column":8},"end":{"line":362,"column":51}},"181":{"start":{"line":363,"column":8},"end":{"line":365,"column":11}},"182":{"start":{"line":371,"column":0},"end":{"line":440,"column":5}},"183":{"start":{"line":373,"column":25},"end":{"line":373,"column":28}},"184":{"start":{"line":374,"column":4},"end":{"line":376,"column":5}},"185":{"start":{"line":375,"column":8},"end":{"line":375,"column":66}},"186":{"start":{"line":378,"column":16},"end":{"line":406,"column":3}},"187":{"start":{"line":408,"column":4},"end":{"line":439,"column":5}},"188":{"start":{"line":409,"column":24},"end":{"line":409,"column":43}},"189":{"start":{"line":410,"column":25},"end":{"line":410,"column":60}},"190":{"start":{"line":412,"column":6},"end":{"line":433,"column":7}},"191":{"start":{"line":413,"column":36},"end":{"line":423,"column":11}},"192":{"start":{"line":413,"column":61},"end":{"line":423,"column":9}},"193":{"start":{"line":425,"column":8},"end":{"line":428,"column":11}},"194":{"start":{"line":430,"column":8},"end":{"line":432,"column":11}},"195":{"start":{"line":435,"column":6},"end":{"line":435,"column":48}},"196":{"start":{"line":436,"column":6},"end":{"line":438,"column":9}},"197":{"start":{"line":444,"column":0},"end":{"line":444,"column":23}}},"fnMap":{"0":{"name":"performTransaction","decl":{"start":{"line":14,"column":15},"end":{"line":14,"column":33}},"loc":{"start":{"line":14,"column":44},"end":{"line":57,"column":1}},"line":14},"1":{"name":"(anonymous_1)","decl":{"start":{"line":39,"column":24},"end":{"line":39,"column":25}},"loc":{"start":{"line":39,"column":32},"end":{"line":39,"column":88}},"line":39},"2":{"name":"(anonymous_2)","decl":{"start":{"line":40,"column":21},"end":{"line":40,"column":22}},"loc":{"start":{"line":40,"column":29},"end":{"line":40,"column":45}},"line":40},"3":{"name":"(anonymous_3)","decl":{"start":{"line":60,"column":51},"end":{"line":60,"column":52}},"loc":{"start":{"line":60,"column":62},"end":{"line":74,"column":1}},"line":60},"4":{"name":"(anonymous_4)","decl":{"start":{"line":68,"column":10},"end":{"line":68,"column":11}},"loc":{"start":{"line":68,"column":16},"end":{"line":70,"column":8}},"line":68},"5":{"name":"(anonymous_5)","decl":{"start":{"line":71,"column":11},"end":{"line":71,"column":12}},"loc":{"start":{"line":71,"column":20},"end":{"line":73,"column":8}},"line":71},"6":{"name":"(anonymous_6)","decl":{"start":{"line":78,"column":48},"end":{"line":78,"column":49}},"loc":{"start":{"line":78,"column":64},"end":{"line":100,"column":1}},"line":78},"7":{"name":"(anonymous_7)","decl":{"start":{"line":103,"column":51},"end":{"line":103,"column":52}},"loc":{"start":{"line":103,"column":67},"end":{"line":131,"column":1}},"line":103},"8":{"name":"(anonymous_8)","decl":{"start":{"line":135,"column":57},"end":{"line":135,"column":58}},"loc":{"start":{"line":135,"column":73},"end":{"line":183,"column":1}},"line":135},"9":{"name":"(anonymous_9)","decl":{"start":{"line":157,"column":59},"end":{"line":157,"column":60}},"loc":{"start":{"line":157,"column":68},"end":{"line":165,"column":13}},"line":157},"10":{"name":"(anonymous_10)","decl":{"start":{"line":186,"column":62},"end":{"line":186,"column":63}},"loc":{"start":{"line":186,"column":82},"end":{"line":234,"column":1}},"line":186},"11":{"name":"(anonymous_11)","decl":{"start":{"line":237,"column":52},"end":{"line":237,"column":53}},"loc":{"start":{"line":237,"column":72},"end":{"line":330,"column":1}},"line":237},"12":{"name":"(anonymous_12)","decl":{"start":{"line":333,"column":56},"end":{"line":333,"column":57}},"loc":{"start":{"line":333,"column":76},"end":{"line":367,"column":1}},"line":333},"13":{"name":"(anonymous_13)","decl":{"start":{"line":371,"column":47},"end":{"line":371,"column":48}},"loc":{"start":{"line":371,"column":67},"end":{"line":440,"column":3}},"line":371},"14":{"name":"(anonymous_14)","decl":{"start":{"line":413,"column":51},"end":{"line":413,"column":52}},"loc":{"start":{"line":413,"column":61},"end":{"line":423,"column":9}},"line":413}},"branchMap":{"0":{"loc":{"start":{"line":37,"column":8},"end":{"line":49,"column":9}},"type":"if","locations":[{"start":{"line":37,"column":8},"end":{"line":49,"column":9}},{"start":{"line":37,"column":8},"end":{"line":49,"column":9}}],"line":37},"1":{"loc":{"start":{"line":37,"column":12},"end":{"line":37,"column":55}},"type":"binary-expr","locations":[{"start":{"line":37,"column":12},"end":{"line":37,"column":26}},{"start":{"line":37,"column":30},"end":{"line":37,"column":55}}],"line":37},"2":{"loc":{"start":{"line":39,"column":32},"end":{"line":39,"column":88}},"type":"binary-expr","locations":[{"start":{"line":39,"column":32},"end":{"line":39,"column":57}},{"start":{"line":39,"column":61},"end":{"line":39,"column":88}}],"line":39},"3":{"loc":{"start":{"line":41,"column":12},"end":{"line":48,"column":13}},"type":"if","locations":[{"start":{"line":41,"column":12},"end":{"line":48,"column":13}},{"start":{"line":41,"column":12},"end":{"line":48,"column":13}}],"line":41},"4":{"loc":{"start":{"line":63,"column":4},"end":{"line":65,"column":5}},"type":"if","locations":[{"start":{"line":63,"column":4},"end":{"line":65,"column":5}},{"start":{"line":63,"column":4},"end":{"line":65,"column":5}}],"line":63},"5":{"loc":{"start":{"line":105,"column":4},"end":{"line":107,"column":5}},"type":"if","locations":[{"start":{"line":105,"column":4},"end":{"line":107,"column":5}},{"start":{"line":105,"column":4},"end":{"line":107,"column":5}}],"line":105},"6":{"loc":{"start":{"line":105,"column":8},"end":{"line":105,"column":59}},"type":"binary-expr","locations":[{"start":{"line":105,"column":8},"end":{"line":105,"column":32}},{"start":{"line":105,"column":35},"end":{"line":105,"column":59}}],"line":105},"7":{"loc":{"start":{"line":138,"column":4},"end":{"line":140,"column":5}},"type":"if","locations":[{"start":{"line":138,"column":4},"end":{"line":140,"column":5}},{"start":{"line":138,"column":4},"end":{"line":140,"column":5}}],"line":138},"8":{"loc":{"start":{"line":138,"column":8},"end":{"line":138,"column":59}},"type":"binary-expr","locations":[{"start":{"line":138,"column":8},"end":{"line":138,"column":32}},{"start":{"line":138,"column":35},"end":{"line":138,"column":59}}],"line":138},"9":{"loc":{"start":{"line":156,"column":8},"end":{"line":175,"column":9}},"type":"if","locations":[{"start":{"line":156,"column":8},"end":{"line":175,"column":9}},{"start":{"line":156,"column":8},"end":{"line":175,"column":9}}],"line":156},"10":{"loc":{"start":{"line":193,"column":8},"end":{"line":196,"column":9}},"type":"if","locations":[{"start":{"line":193,"column":8},"end":{"line":196,"column":9}},{"start":{"line":193,"column":8},"end":{"line":196,"column":9}}],"line":193},"11":{"loc":{"start":{"line":198,"column":8},"end":{"line":204,"column":9}},"type":"if","locations":[{"start":{"line":198,"column":8},"end":{"line":204,"column":9}},{"start":{"line":198,"column":8},"end":{"line":204,"column":9}}],"line":198},"12":{"loc":{"start":{"line":199,"column":12},"end":{"line":201,"column":13}},"type":"if","locations":[{"start":{"line":199,"column":12},"end":{"line":201,"column":13}},{"start":{"line":199,"column":12},"end":{"line":201,"column":13}}],"line":199},"13":{"loc":{"start":{"line":211,"column":8},"end":{"line":213,"column":9}},"type":"if","locations":[{"start":{"line":211,"column":8},"end":{"line":213,"column":9}},{"start":{"line":211,"column":8},"end":{"line":213,"column":9}}],"line":211},"14":{"loc":{"start":{"line":218,"column":8},"end":{"line":227,"column":9}},"type":"if","locations":[{"start":{"line":218,"column":8},"end":{"line":227,"column":9}},{"start":{"line":218,"column":8},"end":{"line":227,"column":9}}],"line":218},"15":{"loc":{"start":{"line":240,"column":4},"end":{"line":242,"column":5}},"type":"if","locations":[{"start":{"line":240,"column":4},"end":{"line":242,"column":5}},{"start":{"line":240,"column":4},"end":{"line":242,"column":5}}],"line":240},"16":{"loc":{"start":{"line":251,"column":8},"end":{"line":298,"column":9}},"type":"if","locations":[{"start":{"line":251,"column":8},"end":{"line":298,"column":9}},{"start":{"line":251,"column":8},"end":{"line":298,"column":9}}],"line":251},"17":{"loc":{"start":{"line":251,"column":12},"end":{"line":251,"column":162}},"type":"binary-expr","locations":[{"start":{"line":251,"column":12},"end":{"line":251,"column":22}},{"start":{"line":251,"column":26},"end":{"line":251,"column":39}},{"start":{"line":251,"column":43},"end":{"line":251,"column":59}},{"start":{"line":251,"column":63},"end":{"line":251,"column":79}},{"start":{"line":251,"column":83},"end":{"line":251,"column":98}},{"start":{"line":251,"column":102},"end":{"line":251,"column":110}},{"start":{"line":251,"column":114},"end":{"line":251,"column":122}},{"start":{"line":251,"column":126},"end":{"line":251,"column":143}},{"start":{"line":251,"column":147},"end":{"line":251,"column":162}}],"line":251},"18":{"loc":{"start":{"line":256,"column":12},"end":{"line":259,"column":13}},"type":"if","locations":[{"start":{"line":256,"column":12},"end":{"line":259,"column":13}},{"start":{"line":256,"column":12},"end":{"line":259,"column":13}}],"line":256},"19":{"loc":{"start":{"line":260,"column":12},"end":{"line":263,"column":13}},"type":"if","locations":[{"start":{"line":260,"column":12},"end":{"line":263,"column":13}},{"start":{"line":260,"column":12},"end":{"line":263,"column":13}}],"line":260},"20":{"loc":{"start":{"line":264,"column":12},"end":{"line":267,"column":13}},"type":"if","locations":[{"start":{"line":264,"column":12},"end":{"line":267,"column":13}},{"start":{"line":264,"column":12},"end":{"line":267,"column":13}}],"line":264},"21":{"loc":{"start":{"line":268,"column":12},"end":{"line":271,"column":13}},"type":"if","locations":[{"start":{"line":268,"column":12},"end":{"line":271,"column":13}},{"start":{"line":268,"column":12},"end":{"line":271,"column":13}}],"line":268},"22":{"loc":{"start":{"line":272,"column":12},"end":{"line":275,"column":13}},"type":"if","locations":[{"start":{"line":272,"column":12},"end":{"line":275,"column":13}},{"start":{"line":272,"column":12},"end":{"line":275,"column":13}}],"line":272},"23":{"loc":{"start":{"line":276,"column":12},"end":{"line":279,"column":13}},"type":"if","locations":[{"start":{"line":276,"column":12},"end":{"line":279,"column":13}},{"start":{"line":276,"column":12},"end":{"line":279,"column":13}}],"line":276},"24":{"loc":{"start":{"line":280,"column":12},"end":{"line":283,"column":13}},"type":"if","locations":[{"start":{"line":280,"column":12},"end":{"line":283,"column":13}},{"start":{"line":280,"column":12},"end":{"line":283,"column":13}}],"line":280},"25":{"loc":{"start":{"line":284,"column":12},"end":{"line":287,"column":13}},"type":"if","locations":[{"start":{"line":284,"column":12},"end":{"line":287,"column":13}},{"start":{"line":284,"column":12},"end":{"line":287,"column":13}}],"line":284},"26":{"loc":{"start":{"line":288,"column":12},"end":{"line":291,"column":13}},"type":"if","locations":[{"start":{"line":288,"column":12},"end":{"line":291,"column":13}},{"start":{"line":288,"column":12},"end":{"line":291,"column":13}}],"line":288},"27":{"loc":{"start":{"line":302,"column":8},"end":{"line":320,"column":9}},"type":"if","locations":[{"start":{"line":302,"column":8},"end":{"line":320,"column":9}},{"start":{"line":302,"column":8},"end":{"line":320,"column":9}}],"line":302},"28":{"loc":{"start":{"line":302,"column":12},"end":{"line":302,"column":35}},"type":"binary-expr","locations":[{"start":{"line":302,"column":12},"end":{"line":302,"column":22}},{"start":{"line":302,"column":26},"end":{"line":302,"column":35}}],"line":302},"29":{"loc":{"start":{"line":306,"column":12},"end":{"line":309,"column":13}},"type":"if","locations":[{"start":{"line":306,"column":12},"end":{"line":309,"column":13}},{"start":{"line":306,"column":12},"end":{"line":309,"column":13}}],"line":306},"30":{"loc":{"start":{"line":310,"column":12},"end":{"line":313,"column":13}},"type":"if","locations":[{"start":{"line":310,"column":12},"end":{"line":313,"column":13}},{"start":{"line":310,"column":12},"end":{"line":313,"column":13}}],"line":310},"31":{"loc":{"start":{"line":336,"column":4},"end":{"line":338,"column":5}},"type":"if","locations":[{"start":{"line":336,"column":4},"end":{"line":338,"column":5}},{"start":{"line":336,"column":4},"end":{"line":338,"column":5}}],"line":336},"32":{"loc":{"start":{"line":342,"column":8},"end":{"line":347,"column":9}},"type":"if","locations":[{"start":{"line":342,"column":8},"end":{"line":347,"column":9}},{"start":{"line":342,"column":8},"end":{"line":347,"column":9}}],"line":342},"33":{"loc":{"start":{"line":352,"column":8},"end":{"line":360,"column":9}},"type":"if","locations":[{"start":{"line":352,"column":8},"end":{"line":360,"column":9}},{"start":{"line":352,"column":8},"end":{"line":360,"column":9}}],"line":352},"34":{"loc":{"start":{"line":374,"column":4},"end":{"line":376,"column":5}},"type":"if","locations":[{"start":{"line":374,"column":4},"end":{"line":376,"column":5}},{"start":{"line":374,"column":4},"end":{"line":376,"column":5}}],"line":374},"35":{"loc":{"start":{"line":412,"column":6},"end":{"line":433,"column":7}},"type":"if","locations":[{"start":{"line":412,"column":6},"end":{"line":433,"column":7}},{"start":{"line":412,"column":6},"end":{"line":433,"column":7}}],"line":412}},"s":{"0":1,"1":1,"2":1,"3":1,"4":1,"5":1,"6":1,"7":1,"8":1,"9":1,"10":1,"11":1,"12":1,"13":1,"14":1,"15":1,"16":1,"17":1,"18":1,"19":1,"20":1,"21":1,"22":1,"23":1,"24":1,"25":1,"26":1,"27":10,"28":8,"29":1,"30":1,"31":1,"32":1,"33":1,"34":8,"35":1,"36":0,"37":0,"38":0,"39":1,"40":2,"41":2,"42":1,"43":1,"44":1,"45":0,"46":1,"47":1,"48":1,"49":1,"50":1,"51":1,"52":0,"53":0,"54":1,"55":2,"56":2,"57":1,"58":1,"59":1,"60":1,"61":1,"62":1,"63":1,"64":0,"65":0,"66":1,"67":2,"68":2,"69":1,"70":1,"71":1,"72":1,"73":1,"74":1,"75":1,"76":1,"77":15,"78":1,"79":0,"80":0,"81":0,"82":1,"83":2,"84":2,"85":2,"86":2,"87":2,"88":2,"89":2,"90":2,"91":2,"92":2,"93":2,"94":2,"95":2,"96":2,"97":2,"98":2,"99":2,"100":2,"101":1,"102":1,"103":0,"104":0,"105":1,"106":2,"107":2,"108":1,"109":1,"110":1,"111":1,"112":1,"113":1,"114":1,"115":1,"116":1,"117":1,"118":1,"119":1,"120":1,"121":1,"122":1,"123":0,"124":0,"125":1,"126":0,"127":0,"128":1,"129":0,"130":0,"131":1,"132":0,"133":0,"134":1,"135":0,"136":0,"137":1,"138":0,"139":0,"140":1,"141":0,"142":0,"143":1,"144":1,"145":1,"146":1,"147":1,"148":1,"149":0,"150":0,"151":0,"152":0,"153":0,"154":0,"155":0,"156":0,"157":0,"158":0,"159":0,"160":0,"161":1,"162":1,"163":0,"164":0,"165":0,"166":1,"167":2,"168":2,"169":1,"170":1,"171":1,"172":1,"173":0,"174":0,"175":1,"176":1,"177":1,"178":1,"179":0,"180":0,"181":0,"182":1,"183":2,"184":2,"185":1,"186":1,"187":1,"188":1,"189":1,"190":1,"191":1,"192":4,"193":1,"194":0,"195":0,"196":0,"197":1},"f":{"0":1,"1":10,"2":8,"3":2,"4":1,"5":0,"6":1,"7":2,"8":2,"9":15,"10":2,"11":2,"12":2,"13":2,"14":4},"b":{"0":[1,0],"1":[1,1],"2":[10,8],"3":[1,0],"4":[1,1],"5":[1,1],"6":[2,1],"7":[1,1],"8":[2,1],"9":[1,0],"10":[2,0],"11":[2,0],"12":[2,0],"13":[2,0],"14":[1,1],"15":[1,1],"16":[1,0],"17":[1,0,0,0,0,0,0,0,0],"18":[1,0],"19":[1,0],"20":[0,1],"21":[0,1],"22":[0,1],"23":[0,1],"24":[0,1],"25":[0,1],"26":[0,1],"27":[0,1],"28":[1,1],"29":[0,0],"30":[0,0],"31":[1,1],"32":[0,1],"33":[1,0],"34":[1,1],"35":[1,0]},"_coverageSchema":"1a1c01bbd47fc00a2c39e90264f33305004495a9","hash":"189ac81153c33712f56ffa92cd4500bf06f1ad4c","contentHash":"910b326cd584a4a84efc42a4b62c7f92d67a2cafd0f75382143ff3ef48479c2f"},"C:\\Users\\jayad\\Desktop\\onelove_BE_UAT\\oneLove_BE_dev\\src\\messages\\constants.js":{"path":"C:\\Users\\jayad\\Desktop\\onelove_BE_UAT\\oneLove_BE_dev\\src\\messages\\constants.js","statementMap":{"0":{"start":{"line":1,"column":0},"end":{"line":30,"column":4}}},"fnMap":{},"branchMap":{},"s":{"0":1},"f":{},"b":{},"_coverageSchema":"1a1c01bbd47fc00a2c39e90264f33305004495a9","hash":"f1f049ee6bed3c02729919970225d519e4ca9ff8","contentHash":"3c456bc7af7b3b9e2fd67f700f3c7b1b74dd897d0ba69cffd891d6cd0b3307b7"},"C:\\Users\\jayad\\Desktop\\onelove_BE_UAT\\oneLove_BE_dev\\jwtMiddleware.js":{"path":"C:\\Users\\jayad\\Desktop\\onelove_BE_UAT\\oneLove_BE_dev\\jwtMiddleware.js","statementMap":{"0":{"start":{"line":1,"column":12},"end":{"line":1,"column":35}},"1":{"start":{"line":2,"column":15},"end":{"line":2,"column":34}},"2":{"start":{"line":3,"column":17},"end":{"line":3,"column":52}},"3":{"start":{"line":5,"column":0},"end":{"line":5,"column":27}},"4":{"start":{"line":8,"column":18},"end":{"line":8,"column":44}},"5":{"start":{"line":11,"column":4},"end":{"line":18,"column":5}},"6":{"start":{"line":12,"column":24},"end":{"line":12,"column":41}},"7":{"start":{"line":13,"column":8},"end":{"line":15,"column":9}},"8":{"start":{"line":14,"column":12},"end":{"line":14,"column":31}},"9":{"start":{"line":19,"column":4},"end":{"line":19,"column":16}},"10":{"start":{"line":23,"column":4},"end":{"line":23,"column":75}},"11":{"start":{"line":26,"column":25},"end":{"line":26,"column":34}},"12":{"start":{"line":29,"column":30},"end":{"line":29,"column":68}},"13":{"start":{"line":30,"column":2},"end":{"line":36,"column":3}},"14":{"start":{"line":31,"column":18},"end":{"line":31,"column":47}},"15":{"start":{"line":32,"column":24},"end":{"line":32,"column":49}},"16":{"start":{"line":33,"column":6},"end":{"line":35,"column":27}},"17":{"start":{"line":34,"column":10},"end":{"line":34,"column":39}},"18":{"start":{"line":37,"column":2},"end":{"line":37,"column":28}},"19":{"start":{"line":42,"column":6},"end":{"line":42,"column":39}},"20":{"start":{"line":47,"column":22},"end":{"line":47,"column":47}},"21":{"start":{"line":48,"column":2},"end":{"line":50,"column":3}},"22":{"start":{"line":49,"column":6},"end":{"line":49,"column":64}},"23":{"start":{"line":52,"column":16},"end":{"line":52,"column":41}},"24":{"start":{"line":54,"column":2},"end":{"line":62,"column":3}},"25":{"start":{"line":55,"column":18},"end":{"line":55,"column":47}},"26":{"start":{"line":56,"column":34},"end":{"line":56,"column":72}},"27":{"start":{"line":57,"column":6},"end":{"line":61,"column":7}},"28":{"start":{"line":58,"column":10},"end":{"line":58,"column":39}},"29":{"start":{"line":60,"column":10},"end":{"line":60,"column":75}},"30":{"start":{"line":64,"column":2},"end":{"line":79,"column":5}},"31":{"start":{"line":65,"column":6},"end":{"line":65,"column":39}},"32":{"start":{"line":67,"column":6},"end":{"line":70,"column":7}},"33":{"start":{"line":68,"column":10},"end":{"line":68,"column":55}},"34":{"start":{"line":69,"column":10},"end":{"line":69,"column":68}},"35":{"start":{"line":72,"column":34},"end":{"line":72,"column":72}},"36":{"start":{"line":73,"column":6},"end":{"line":75,"column":7}},"37":{"start":{"line":74,"column":10},"end":{"line":74,"column":72}},"38":{"start":{"line":76,"column":6},"end":{"line":76,"column":34}},"39":{"start":{"line":77,"column":6},"end":{"line":77,"column":38}},"40":{"start":{"line":78,"column":6},"end":{"line":78,"column":13}},"41":{"start":{"line":84,"column":4},"end":{"line":84,"column":74}},"42":{"start":{"line":89,"column":23},"end":{"line":89,"column":44}},"43":{"start":{"line":90,"column":2},"end":{"line":100,"column":5}},"44":{"start":{"line":91,"column":4},"end":{"line":91,"column":37}},"45":{"start":{"line":92,"column":4},"end":{"line":95,"column":5}},"46":{"start":{"line":93,"column":6},"end":{"line":93,"column":61}},"47":{"start":{"line":94,"column":6},"end":{"line":94,"column":64}},"48":{"start":{"line":97,"column":33},"end":{"line":97,"column":40}},"49":{"start":{"line":98,"column":27},"end":{"line":98,"column":58}},"50":{"start":{"line":99,"column":4},"end":{"line":99,"column":46}},"51":{"start":{"line":104,"column":2},"end":{"line":104,"column":116}}},"fnMap":{"0":{"name":"getExpirationTimestampFromToken","decl":{"start":{"line":10,"column":11},"end":{"line":10,"column":42}},"loc":{"start":{"line":10,"column":50},"end":{"line":20,"column":1}},"line":10},"1":{"name":"generateToken","decl":{"start":{"line":22,"column":11},"end":{"line":22,"column":24}},"loc":{"start":{"line":22,"column":43},"end":{"line":24,"column":3}},"line":22},"2":{"name":"addToBlacklist","decl":{"start":{"line":28,"column":9},"end":{"line":28,"column":23}},"loc":{"start":{"line":28,"column":31},"end":{"line":38,"column":1}},"line":28},"3":{"name":"(anonymous_3)","decl":{"start":{"line":33,"column":17},"end":{"line":33,"column":18}},"loc":{"start":{"line":33,"column":23},"end":{"line":35,"column":7}},"line":33},"4":{"name":"isBlacklisted","decl":{"start":{"line":41,"column":11},"end":{"line":41,"column":24}},"loc":{"start":{"line":41,"column":32},"end":{"line":43,"column":3}},"line":41},"5":{"name":"verifyToken","decl":{"start":{"line":46,"column":9},"end":{"line":46,"column":20}},"loc":{"start":{"line":46,"column":37},"end":{"line":80,"column":1}},"line":46},"6":{"name":"(anonymous_6)","decl":{"start":{"line":64,"column":31},"end":{"line":64,"column":32}},"loc":{"start":{"line":64,"column":49},"end":{"line":79,"column":3}},"line":64},"7":{"name":"generateRefreshToken","decl":{"start":{"line":83,"column":9},"end":{"line":83,"column":29}},"loc":{"start":{"line":83,"column":48},"end":{"line":85,"column":3}},"line":83},"8":{"name":"refreshToken","decl":{"start":{"line":88,"column":9},"end":{"line":88,"column":21}},"loc":{"start":{"line":88,"column":32},"end":{"line":101,"column":1}},"line":88},"9":{"name":"(anonymous_9)","decl":{"start":{"line":90,"column":38},"end":{"line":90,"column":39}},"loc":{"start":{"line":90,"column":56},"end":{"line":100,"column":3}},"line":90}},"branchMap":{"0":{"loc":{"start":{"line":13,"column":8},"end":{"line":15,"column":9}},"type":"if","locations":[{"start":{"line":13,"column":8},"end":{"line":15,"column":9}},{"start":{"line":13,"column":8},"end":{"line":15,"column":9}}],"line":13},"1":{"loc":{"start":{"line":13,"column":12},"end":{"line":13,"column":34}},"type":"binary-expr","locations":[{"start":{"line":13,"column":12},"end":{"line":13,"column":19}},{"start":{"line":13,"column":23},"end":{"line":13,"column":34}}],"line":13},"2":{"loc":{"start":{"line":30,"column":2},"end":{"line":36,"column":3}},"type":"if","locations":[{"start":{"line":30,"column":2},"end":{"line":36,"column":3}},{"start":{"line":30,"column":2},"end":{"line":36,"column":3}}],"line":30},"3":{"loc":{"start":{"line":48,"column":2},"end":{"line":50,"column":3}},"type":"if","locations":[{"start":{"line":48,"column":2},"end":{"line":50,"column":3}},{"start":{"line":48,"column":2},"end":{"line":50,"column":3}}],"line":48},"4":{"loc":{"start":{"line":54,"column":2},"end":{"line":62,"column":3}},"type":"if","locations":[{"start":{"line":54,"column":2},"end":{"line":62,"column":3}},{"start":{"line":54,"column":2},"end":{"line":62,"column":3}}],"line":54},"5":{"loc":{"start":{"line":57,"column":6},"end":{"line":61,"column":7}},"type":"if","locations":[{"start":{"line":57,"column":6},"end":{"line":61,"column":7}},{"start":{"line":57,"column":6},"end":{"line":61,"column":7}}],"line":57},"6":{"loc":{"start":{"line":57,"column":10},"end":{"line":57,"column":58}},"type":"binary-expr","locations":[{"start":{"line":57,"column":10},"end":{"line":57,"column":29}},{"start":{"line":57,"column":33},"end":{"line":57,"column":58}}],"line":57},"7":{"loc":{"start":{"line":67,"column":6},"end":{"line":70,"column":7}},"type":"if","locations":[{"start":{"line":67,"column":6},"end":{"line":70,"column":7}},{"start":{"line":67,"column":6},"end":{"line":70,"column":7}}],"line":67},"8":{"loc":{"start":{"line":73,"column":6},"end":{"line":75,"column":7}},"type":"if","locations":[{"start":{"line":73,"column":6},"end":{"line":75,"column":7}},{"start":{"line":73,"column":6},"end":{"line":75,"column":7}}],"line":73},"9":{"loc":{"start":{"line":73,"column":10},"end":{"line":73,"column":73}},"type":"binary-expr","locations":[{"start":{"line":73,"column":10},"end":{"line":73,"column":29}},{"start":{"line":73,"column":33},"end":{"line":73,"column":73}}],"line":73},"10":{"loc":{"start":{"line":92,"column":4},"end":{"line":95,"column":5}},"type":"if","locations":[{"start":{"line":92,"column":4},"end":{"line":95,"column":5}},{"start":{"line":92,"column":4},"end":{"line":95,"column":5}}],"line":92}},"s":{"0":1,"1":1,"2":1,"3":1,"4":1,"5":62,"6":62,"7":62,"8":62,"9":0,"10":52,"11":1,"12":0,"13":0,"14":0,"15":0,"16":0,"17":0,"18":0,"19":0,"20":62,"21":62,"22":0,"23":62,"24":62,"25":0,"26":0,"27":0,"28":0,"29":0,"30":62,"31":62,"32":62,"33":0,"34":0,"35":62,"36":62,"37":0,"38":62,"39":62,"40":62,"41":1,"42":0,"43":0,"44":0,"45":0,"46":0,"47":0,"48":0,"49":0,"50":0,"51":1},"f":{"0":62,"1":52,"2":0,"3":0,"4":0,"5":62,"6":62,"7":1,"8":0,"9":0},"b":{"0":[62,0],"1":[62,62],"2":[0,0],"3":[0,62],"4":[0,62],"5":[0,0],"6":[0,0],"7":[0,62],"8":[0,62],"9":[62,62],"10":[0,0]},"_coverageSchema":"1a1c01bbd47fc00a2c39e90264f33305004495a9","hash":"4948ca842cd8e99195abfdb0458f6e3b7627c7a2","contentHash":"f529be68c3ef3c5e0c2a490677c5e281b25d3ac4279fd4297121d04f1530e732"},"C:\\Users\\jayad\\Desktop\\onelove_BE_UAT\\oneLove_BE_dev\\src\\oneSignal\\notifications.js":{"path":"C:\\Users\\jayad\\Desktop\\onelove_BE_UAT\\oneLove_BE_dev\\src\\oneSignal\\notifications.js","statementMap":{"0":{"start":{"line":1,"column":16},"end":{"line":1,"column":34}},"1":{"start":{"line":2,"column":21},"end":{"line":2,"column":37}},"2":{"start":{"line":3,"column":0},"end":{"line":3,"column":27}},"3":{"start":{"line":5,"column":18},"end":{"line":5,"column":54}},"4":{"start":{"line":6,"column":15},"end":{"line":6,"column":38}},"5":{"start":{"line":9,"column":4},"end":{"line":46,"column":5}},"6":{"start":{"line":10,"column":33},"end":{"line":10,"column":61}},"7":{"start":{"line":12,"column":33},"end":{"line":16,"column":9}},"8":{"start":{"line":14,"column":12},"end":{"line":14,"column":44}},"9":{"start":{"line":18,"column":30},"end":{"line":24,"column":10}},"10":{"start":{"line":25,"column":23},"end":{"line":25,"column":62}},"11":{"start":{"line":27,"column":29},"end":{"line":27,"column":57}},"12":{"start":{"line":28,"column":8},"end":{"line":28,"column":47}},"13":{"start":{"line":29,"column":8},"end":{"line":29,"column":56}},"14":{"start":{"line":30,"column":8},"end":{"line":32,"column":10}},"15":{"start":{"line":33,"column":8},"end":{"line":35,"column":9}},"16":{"start":{"line":36,"column":8},"end":{"line":36,"column":60}},"17":{"start":{"line":37,"column":8},"end":{"line":37,"column":238}},"18":{"start":{"line":39,"column":21},"end":{"line":39,"column":66}},"19":{"start":{"line":41,"column":25},"end":{"line":41,"column":75}},"20":{"start":{"line":42,"column":8},"end":{"line":42,"column":47}},"21":{"start":{"line":43,"column":8},"end":{"line":43,"column":53}},"22":{"start":{"line":45,"column":8},"end":{"line":45,"column":52}},"23":{"start":{"line":50,"column":0},"end":{"line":50,"column":36}}},"fnMap":{"0":{"name":"sendnotification","decl":{"start":{"line":8,"column":15},"end":{"line":8,"column":31}},"loc":{"start":{"line":8,"column":62},"end":{"line":48,"column":2}},"line":8},"1":{"name":"(anonymous_1)","decl":{"start":{"line":13,"column":12},"end":{"line":13,"column":13}},"loc":{"start":{"line":13,"column":23},"end":{"line":15,"column":13}},"line":13}},"branchMap":{},"s":{"0":1,"1":1,"2":1,"3":1,"4":1,"5":9,"6":9,"7":9,"8":18,"9":9,"10":9,"11":9,"12":9,"13":9,"14":9,"15":9,"16":9,"17":9,"18":9,"19":9,"20":9,"21":9,"22":0,"23":1},"f":{"0":9,"1":18},"b":{},"_coverageSchema":"1a1c01bbd47fc00a2c39e90264f33305004495a9","hash":"16172312658059dc5d697a83a82ac381d606592f","contentHash":"d123e0944c69dc99e66e1d8d83bba4e2717b3b307bf7ebe5d345676e3951e3b4"},"C:\\Users\\jayad\\Desktop\\onelove_BE_UAT\\oneLove_BE_dev\\src\\pets\\pets.js":{"path":"C:\\Users\\jayad\\Desktop\\onelove_BE_UAT\\oneLove_BE_dev\\src\\pets\\pets.js","statementMap":{"0":{"start":{"line":1,"column":16},"end":{"line":1,"column":34}},"1":{"start":{"line":2,"column":13},"end":{"line":2,"column":29}},"2":{"start":{"line":3,"column":19},"end":{"line":3,"column":41}},"3":{"start":{"line":4,"column":17},"end":{"line":4,"column":49}},"4":{"start":{"line":6,"column":11},"end":{"line":6,"column":40}},"5":{"start":{"line":7,"column":22},"end":{"line":7,"column":52}},"6":{"start":{"line":8,"column":15},"end":{"line":8,"column":38}},"7":{"start":{"line":10,"column":0},"end":{"line":10,"column":25}},"8":{"start":{"line":11,"column":0},"end":{"line":11,"column":49}},"9":{"start":{"line":14,"column":0},"end":{"line":42,"column":3}},"10":{"start":{"line":16,"column":25},"end":{"line":16,"column":28}},"11":{"start":{"line":17,"column":4},"end":{"line":19,"column":5}},"12":{"start":{"line":18,"column":8},"end":{"line":18,"column":66}},"13":{"start":{"line":20,"column":4},"end":{"line":41,"column":5}},"14":{"start":{"line":21,"column":145},"end":{"line":21,"column":153}},"15":{"start":{"line":23,"column":20},"end":{"line":23,"column":86}},"16":{"start":{"line":24,"column":28},"end":{"line":24,"column":66}},"17":{"start":{"line":25,"column":30},"end":{"line":25,"column":62}},"18":{"start":{"line":27,"column":25},"end":{"line":27,"column":45}},"19":{"start":{"line":29,"column":21},"end":{"line":33,"column":43}},"20":{"start":{"line":34,"column":26},"end":{"line":34,"column":139}},"21":{"start":{"line":35,"column":28},"end":{"line":35,"column":59}},"22":{"start":{"line":37,"column":8},"end":{"line":37,"column":83}},"23":{"start":{"line":39,"column":8},"end":{"line":39,"column":54}},"24":{"start":{"line":40,"column":8},"end":{"line":40,"column":75}},"25":{"start":{"line":45,"column":0},"end":{"line":75,"column":3}},"26":{"start":{"line":47,"column":25},"end":{"line":47,"column":28}},"27":{"start":{"line":48,"column":4},"end":{"line":50,"column":5}},"28":{"start":{"line":49,"column":8},"end":{"line":49,"column":66}},"29":{"start":{"line":52,"column":4},"end":{"line":74,"column":5}},"30":{"start":{"line":53,"column":20},"end":{"line":60,"column":56}},"31":{"start":{"line":62,"column":26},"end":{"line":62,"column":45}},"32":{"start":{"line":64,"column":25},"end":{"line":64,"column":60}},"33":{"start":{"line":65,"column":8},"end":{"line":68,"column":11}},"34":{"start":{"line":70,"column":8},"end":{"line":70,"column":55}},"35":{"start":{"line":71,"column":8},"end":{"line":73,"column":11}},"36":{"start":{"line":79,"column":0},"end":{"line":178,"column":3}},"37":{"start":{"line":81,"column":25},"end":{"line":81,"column":28}},"38":{"start":{"line":82,"column":4},"end":{"line":84,"column":5}},"39":{"start":{"line":83,"column":8},"end":{"line":83,"column":66}},"40":{"start":{"line":86,"column":4},"end":{"line":177,"column":5}},"41":{"start":{"line":87,"column":23},"end":{"line":87,"column":39}},"42":{"start":{"line":88,"column":171},"end":{"line":88,"column":179}},"43":{"start":{"line":90,"column":8},"end":{"line":90,"column":36}},"44":{"start":{"line":92,"column":8},"end":{"line":148,"column":5}},"45":{"start":{"line":93,"column":18},"end":{"line":93,"column":42}},"46":{"start":{"line":95,"column":23},"end":{"line":95,"column":25}},"47":{"start":{"line":97,"column":8},"end":{"line":100,"column":9}},"48":{"start":{"line":98,"column":12},"end":{"line":98,"column":34}},"49":{"start":{"line":99,"column":12},"end":{"line":99,"column":34}},"50":{"start":{"line":101,"column":8},"end":{"line":104,"column":9}},"51":{"start":{"line":102,"column":12},"end":{"line":102,"column":34}},"52":{"start":{"line":103,"column":12},"end":{"line":103,"column":34}},"53":{"start":{"line":105,"column":8},"end":{"line":108,"column":9}},"54":{"start":{"line":106,"column":12},"end":{"line":106,"column":35}},"55":{"start":{"line":107,"column":12},"end":{"line":107,"column":35}},"56":{"start":{"line":109,"column":8},"end":{"line":112,"column":9}},"57":{"start":{"line":110,"column":12},"end":{"line":110,"column":36}},"58":{"start":{"line":111,"column":12},"end":{"line":111,"column":36}},"59":{"start":{"line":113,"column":8},"end":{"line":116,"column":9}},"60":{"start":{"line":114,"column":12},"end":{"line":114,"column":36}},"61":{"start":{"line":115,"column":12},"end":{"line":115,"column":36}},"62":{"start":{"line":117,"column":8},"end":{"line":120,"column":9}},"63":{"start":{"line":118,"column":12},"end":{"line":118,"column":41}},"64":{"start":{"line":119,"column":12},"end":{"line":119,"column":41}},"65":{"start":{"line":121,"column":8},"end":{"line":124,"column":9}},"66":{"start":{"line":122,"column":12},"end":{"line":122,"column":40}},"67":{"start":{"line":123,"column":12},"end":{"line":123,"column":40}},"68":{"start":{"line":125,"column":8},"end":{"line":128,"column":9}},"69":{"start":{"line":126,"column":12},"end":{"line":126,"column":33}},"70":{"start":{"line":127,"column":12},"end":{"line":127,"column":33}},"71":{"start":{"line":129,"column":8},"end":{"line":132,"column":9}},"72":{"start":{"line":130,"column":12},"end":{"line":130,"column":34}},"73":{"start":{"line":131,"column":12},"end":{"line":131,"column":34}},"74":{"start":{"line":133,"column":8},"end":{"line":136,"column":9}},"75":{"start":{"line":134,"column":12},"end":{"line":134,"column":33}},"76":{"start":{"line":135,"column":12},"end":{"line":135,"column":33}},"77":{"start":{"line":137,"column":8},"end":{"line":140,"column":9}},"78":{"start":{"line":138,"column":12},"end":{"line":138,"column":37}},"79":{"start":{"line":139,"column":12},"end":{"line":139,"column":37}},"80":{"start":{"line":142,"column":8},"end":{"line":142,"column":31}},"81":{"start":{"line":144,"column":8},"end":{"line":144,"column":33}},"82":{"start":{"line":145,"column":8},"end":{"line":145,"column":28}},"83":{"start":{"line":147,"column":8},"end":{"line":147,"column":36}},"84":{"start":{"line":149,"column":4},"end":{"line":167,"column":5}},"85":{"start":{"line":150,"column":23},"end":{"line":150,"column":42}},"86":{"start":{"line":151,"column":28},"end":{"line":151,"column":30}},"87":{"start":{"line":153,"column":8},"end":{"line":156,"column":9}},"88":{"start":{"line":154,"column":12},"end":{"line":154,"column":41}},"89":{"start":{"line":155,"column":12},"end":{"line":155,"column":41}},"90":{"start":{"line":157,"column":8},"end":{"line":160,"column":9}},"91":{"start":{"line":158,"column":12},"end":{"line":158,"column":40}},"92":{"start":{"line":159,"column":12},"end":{"line":159,"column":56}},"93":{"start":{"line":162,"column":8},"end":{"line":162,"column":41}},"94":{"start":{"line":163,"column":8},"end":{"line":163,"column":80}},"95":{"start":{"line":164,"column":8},"end":{"line":164,"column":33}},"96":{"start":{"line":166,"column":8},"end":{"line":166,"column":46}},"97":{"start":{"line":168,"column":4},"end":{"line":168,"column":22}},"98":{"start":{"line":169,"column":7},"end":{"line":169,"column":49}},"99":{"start":{"line":170,"column":7},"end":{"line":172,"column":11}},"100":{"start":{"line":175,"column":8},"end":{"line":175,"column":59}},"101":{"start":{"line":176,"column":6},"end":{"line":176,"column":77}},"102":{"start":{"line":182,"column":0},"end":{"line":203,"column":3}},"103":{"start":{"line":183,"column":4},"end":{"line":202,"column":5}},"104":{"start":{"line":184,"column":23},"end":{"line":184,"column":39}},"105":{"start":{"line":185,"column":42},"end":{"line":185,"column":50}},"106":{"start":{"line":187,"column":31},"end":{"line":190,"column":81}},"107":{"start":{"line":191,"column":34},"end":{"line":191,"column":81}},"108":{"start":{"line":193,"column":36},"end":{"line":193,"column":85}},"109":{"start":{"line":195,"column":8},"end":{"line":197,"column":9}},"110":{"start":{"line":196,"column":12},"end":{"line":196,"column":82}},"111":{"start":{"line":198,"column":8},"end":{"line":198,"column":72}},"112":{"start":{"line":200,"column":8},"end":{"line":200,"column":59}},"113":{"start":{"line":201,"column":8},"end":{"line":201,"column":83}},"114":{"start":{"line":207,"column":0},"end":{"line":223,"column":3}},"115":{"start":{"line":208,"column":4},"end":{"line":222,"column":5}},"116":{"start":{"line":209,"column":23},"end":{"line":209,"column":39}},"117":{"start":{"line":210,"column":20},"end":{"line":210,"column":117}},"118":{"start":{"line":211,"column":26},"end":{"line":211,"column":55}},"119":{"start":{"line":212,"column":23},"end":{"line":212,"column":58}},"120":{"start":{"line":213,"column":8},"end":{"line":216,"column":11}},"121":{"start":{"line":218,"column":8},"end":{"line":218,"column":52}},"122":{"start":{"line":219,"column":8},"end":{"line":221,"column":11}},"123":{"start":{"line":226,"column":0},"end":{"line":280,"column":3}},"124":{"start":{"line":227,"column":25},"end":{"line":227,"column":28}},"125":{"start":{"line":228,"column":4},"end":{"line":230,"column":5}},"126":{"start":{"line":229,"column":8},"end":{"line":229,"column":66}},"127":{"start":{"line":231,"column":20},"end":{"line":231,"column":37}},"128":{"start":{"line":233,"column":4},"end":{"line":237,"column":5}},"129":{"start":{"line":234,"column":8},"end":{"line":236,"column":11}},"130":{"start":{"line":238,"column":16},"end":{"line":264,"column":1}},"131":{"start":{"line":266,"column":4},"end":{"line":279,"column":5}},"132":{"start":{"line":267,"column":26},"end":{"line":267,"column":56}},"133":{"start":{"line":268,"column":20},"end":{"line":268,"column":55}},"134":{"start":{"line":270,"column":8},"end":{"line":273,"column":11}},"135":{"start":{"line":275,"column":8},"end":{"line":275,"column":45}},"136":{"start":{"line":276,"column":8},"end":{"line":278,"column":11}},"137":{"start":{"line":284,"column":0},"end":{"line":310,"column":3}},"138":{"start":{"line":285,"column":25},"end":{"line":285,"column":28}},"139":{"start":{"line":286,"column":4},"end":{"line":288,"column":5}},"140":{"start":{"line":287,"column":8},"end":{"line":287,"column":66}},"141":{"start":{"line":290,"column":4},"end":{"line":309,"column":5}},"142":{"start":{"line":291,"column":23},"end":{"line":291,"column":39}},"143":{"start":{"line":292,"column":20},"end":{"line":292,"column":54}},"144":{"start":{"line":293,"column":25},"end":{"line":293,"column":54}},"145":{"start":{"line":295,"column":8},"end":{"line":303,"column":9}},"146":{"start":{"line":296,"column":12},"end":{"line":298,"column":15}},"147":{"start":{"line":300,"column":12},"end":{"line":302,"column":15}},"148":{"start":{"line":305,"column":8},"end":{"line":305,"column":49}},"149":{"start":{"line":306,"column":8},"end":{"line":308,"column":11}},"150":{"start":{"line":313,"column":0},"end":{"line":313,"column":21}}},"fnMap":{"0":{"name":"(anonymous_0)","decl":{"start":{"line":14,"column":49},"end":{"line":14,"column":50}},"loc":{"start":{"line":14,"column":69},"end":{"line":42,"column":1}},"line":14},"1":{"name":"(anonymous_1)","decl":{"start":{"line":45,"column":44},"end":{"line":45,"column":45}},"loc":{"start":{"line":45,"column":64},"end":{"line":75,"column":1}},"line":45},"2":{"name":"(anonymous_2)","decl":{"start":{"line":79,"column":50},"end":{"line":79,"column":51}},"loc":{"start":{"line":79,"column":70},"end":{"line":178,"column":1}},"line":79},"3":{"name":"(anonymous_3)","decl":{"start":{"line":182,"column":56},"end":{"line":182,"column":57}},"loc":{"start":{"line":182,"column":76},"end":{"line":203,"column":1}},"line":182},"4":{"name":"(anonymous_4)","decl":{"start":{"line":207,"column":51},"end":{"line":207,"column":52}},"loc":{"start":{"line":207,"column":71},"end":{"line":223,"column":1}},"line":207},"5":{"name":"(anonymous_5)","decl":{"start":{"line":226,"column":50},"end":{"line":226,"column":51}},"loc":{"start":{"line":226,"column":70},"end":{"line":280,"column":1}},"line":226},"6":{"name":"(anonymous_6)","decl":{"start":{"line":284,"column":53},"end":{"line":284,"column":54}},"loc":{"start":{"line":284,"column":73},"end":{"line":310,"column":1}},"line":284}},"branchMap":{"0":{"loc":{"start":{"line":17,"column":4},"end":{"line":19,"column":5}},"type":"if","locations":[{"start":{"line":17,"column":4},"end":{"line":19,"column":5}},{"start":{"line":17,"column":4},"end":{"line":19,"column":5}}],"line":17},"1":{"loc":{"start":{"line":48,"column":4},"end":{"line":50,"column":5}},"type":"if","locations":[{"start":{"line":48,"column":4},"end":{"line":50,"column":5}},{"start":{"line":48,"column":4},"end":{"line":50,"column":5}}],"line":48},"2":{"loc":{"start":{"line":82,"column":4},"end":{"line":84,"column":5}},"type":"if","locations":[{"start":{"line":82,"column":4},"end":{"line":84,"column":5}},{"start":{"line":82,"column":4},"end":{"line":84,"column":5}}],"line":82},"3":{"loc":{"start":{"line":92,"column":8},"end":{"line":148,"column":5}},"type":"if","locations":[{"start":{"line":92,"column":8},"end":{"line":148,"column":5}},{"start":{"line":92,"column":8},"end":{"line":148,"column":5}}],"line":92},"4":{"loc":{"start":{"line":92,"column":11},"end":{"line":92,"column":158}},"type":"binary-expr","locations":[{"start":{"line":92,"column":11},"end":{"line":92,"column":19}},{"start":{"line":92,"column":23},"end":{"line":92,"column":31}},{"start":{"line":92,"column":35},"end":{"line":92,"column":44}},{"start":{"line":92,"column":48},"end":{"line":92,"column":58}},{"start":{"line":92,"column":62},"end":{"line":92,"column":72}},{"start":{"line":92,"column":76},"end":{"line":92,"column":91}},{"start":{"line":92,"column":95},"end":{"line":92,"column":109}},{"start":{"line":92,"column":113},"end":{"line":92,"column":120}},{"start":{"line":92,"column":124},"end":{"line":92,"column":132}},{"start":{"line":92,"column":136},"end":{"line":92,"column":143}},{"start":{"line":92,"column":147},"end":{"line":92,"column":158}}],"line":92},"5":{"loc":{"start":{"line":97,"column":8},"end":{"line":100,"column":9}},"type":"if","locations":[{"start":{"line":97,"column":8},"end":{"line":100,"column":9}},{"start":{"line":97,"column":8},"end":{"line":100,"column":9}}],"line":97},"6":{"loc":{"start":{"line":101,"column":8},"end":{"line":104,"column":9}},"type":"if","locations":[{"start":{"line":101,"column":8},"end":{"line":104,"column":9}},{"start":{"line":101,"column":8},"end":{"line":104,"column":9}}],"line":101},"7":{"loc":{"start":{"line":105,"column":8},"end":{"line":108,"column":9}},"type":"if","locations":[{"start":{"line":105,"column":8},"end":{"line":108,"column":9}},{"start":{"line":105,"column":8},"end":{"line":108,"column":9}}],"line":105},"8":{"loc":{"start":{"line":109,"column":8},"end":{"line":112,"column":9}},"type":"if","locations":[{"start":{"line":109,"column":8},"end":{"line":112,"column":9}},{"start":{"line":109,"column":8},"end":{"line":112,"column":9}}],"line":109},"9":{"loc":{"start":{"line":113,"column":8},"end":{"line":116,"column":9}},"type":"if","locations":[{"start":{"line":113,"column":8},"end":{"line":116,"column":9}},{"start":{"line":113,"column":8},"end":{"line":116,"column":9}}],"line":113},"10":{"loc":{"start":{"line":117,"column":8},"end":{"line":120,"column":9}},"type":"if","locations":[{"start":{"line":117,"column":8},"end":{"line":120,"column":9}},{"start":{"line":117,"column":8},"end":{"line":120,"column":9}}],"line":117},"11":{"loc":{"start":{"line":121,"column":8},"end":{"line":124,"column":9}},"type":"if","locations":[{"start":{"line":121,"column":8},"end":{"line":124,"column":9}},{"start":{"line":121,"column":8},"end":{"line":124,"column":9}}],"line":121},"12":{"loc":{"start":{"line":125,"column":8},"end":{"line":128,"column":9}},"type":"if","locations":[{"start":{"line":125,"column":8},"end":{"line":128,"column":9}},{"start":{"line":125,"column":8},"end":{"line":128,"column":9}}],"line":125},"13":{"loc":{"start":{"line":129,"column":8},"end":{"line":132,"column":9}},"type":"if","locations":[{"start":{"line":129,"column":8},"end":{"line":132,"column":9}},{"start":{"line":129,"column":8},"end":{"line":132,"column":9}}],"line":129},"14":{"loc":{"start":{"line":133,"column":8},"end":{"line":136,"column":9}},"type":"if","locations":[{"start":{"line":133,"column":8},"end":{"line":136,"column":9}},{"start":{"line":133,"column":8},"end":{"line":136,"column":9}}],"line":133},"15":{"loc":{"start":{"line":137,"column":8},"end":{"line":140,"column":9}},"type":"if","locations":[{"start":{"line":137,"column":8},"end":{"line":140,"column":9}},{"start":{"line":137,"column":8},"end":{"line":140,"column":9}}],"line":137},"16":{"loc":{"start":{"line":149,"column":4},"end":{"line":167,"column":5}},"type":"if","locations":[{"start":{"line":149,"column":4},"end":{"line":167,"column":5}},{"start":{"line":149,"column":4},"end":{"line":167,"column":5}}],"line":149},"17":{"loc":{"start":{"line":149,"column":7},"end":{"line":149,"column":30}},"type":"binary-expr","locations":[{"start":{"line":149,"column":7},"end":{"line":149,"column":17}},{"start":{"line":149,"column":21},"end":{"line":149,"column":30}}],"line":149},"18":{"loc":{"start":{"line":153,"column":8},"end":{"line":156,"column":9}},"type":"if","locations":[{"start":{"line":153,"column":8},"end":{"line":156,"column":9}},{"start":{"line":153,"column":8},"end":{"line":156,"column":9}}],"line":153},"19":{"loc":{"start":{"line":157,"column":8},"end":{"line":160,"column":9}},"type":"if","locations":[{"start":{"line":157,"column":8},"end":{"line":160,"column":9}},{"start":{"line":157,"column":8},"end":{"line":160,"column":9}}],"line":157},"20":{"loc":{"start":{"line":195,"column":8},"end":{"line":197,"column":9}},"type":"if","locations":[{"start":{"line":195,"column":8},"end":{"line":197,"column":9}},{"start":{"line":195,"column":8},"end":{"line":197,"column":9}}],"line":195},"21":{"loc":{"start":{"line":228,"column":4},"end":{"line":230,"column":5}},"type":"if","locations":[{"start":{"line":228,"column":4},"end":{"line":230,"column":5}},{"start":{"line":228,"column":4},"end":{"line":230,"column":5}}],"line":228},"22":{"loc":{"start":{"line":228,"column":8},"end":{"line":228,"column":89}},"type":"binary-expr","locations":[{"start":{"line":228,"column":8},"end":{"line":228,"column":32}},{"start":{"line":228,"column":35},"end":{"line":228,"column":60}},{"start":{"line":228,"column":63},"end":{"line":228,"column":89}}],"line":228},"23":{"loc":{"start":{"line":233,"column":4},"end":{"line":237,"column":5}},"type":"if","locations":[{"start":{"line":233,"column":4},"end":{"line":237,"column":5}},{"start":{"line":233,"column":4},"end":{"line":237,"column":5}}],"line":233},"24":{"loc":{"start":{"line":286,"column":4},"end":{"line":288,"column":5}},"type":"if","locations":[{"start":{"line":286,"column":4},"end":{"line":288,"column":5}},{"start":{"line":286,"column":4},"end":{"line":288,"column":5}}],"line":286},"25":{"loc":{"start":{"line":286,"column":8},"end":{"line":286,"column":89}},"type":"binary-expr","locations":[{"start":{"line":286,"column":8},"end":{"line":286,"column":32}},{"start":{"line":286,"column":35},"end":{"line":286,"column":60}},{"start":{"line":286,"column":63},"end":{"line":286,"column":89}}],"line":286},"26":{"loc":{"start":{"line":295,"column":8},"end":{"line":303,"column":9}},"type":"if","locations":[{"start":{"line":295,"column":8},"end":{"line":303,"column":9}},{"start":{"line":295,"column":8},"end":{"line":303,"column":9}}],"line":295}},"s":{"0":1,"1":1,"2":1,"3":1,"4":1,"5":1,"6":1,"7":1,"8":1,"9":1,"10":2,"11":2,"12":1,"13":1,"14":1,"15":1,"16":1,"17":1,"18":1,"19":1,"20":1,"21":1,"22":1,"23":0,"24":0,"25":1,"26":2,"27":2,"28":1,"29":1,"30":1,"31":1,"32":1,"33":1,"34":0,"35":0,"36":1,"37":2,"38":2,"39":1,"40":1,"41":1,"42":1,"43":1,"44":1,"45":1,"46":1,"47":1,"48":1,"49":1,"50":1,"51":1,"52":1,"53":1,"54":0,"55":0,"56":1,"57":0,"58":0,"59":1,"60":0,"61":0,"62":1,"63":0,"64":0,"65":1,"66":0,"67":0,"68":1,"69":0,"70":0,"71":1,"72":0,"73":0,"74":1,"75":0,"76":0,"77":1,"78":0,"79":0,"80":1,"81":1,"82":1,"83":1,"84":1,"85":0,"86":0,"87":0,"88":0,"89":0,"90":0,"91":0,"92":0,"93":0,"94":0,"95":0,"96":0,"97":1,"98":1,"99":1,"100":0,"101":0,"102":1,"103":0,"104":0,"105":0,"106":0,"107":0,"108":0,"109":0,"110":0,"111":0,"112":0,"113":0,"114":1,"115":0,"116":0,"117":0,"118":0,"119":0,"120":0,"121":0,"122":0,"123":1,"124":3,"125":3,"126":1,"127":2,"128":2,"129":1,"130":1,"131":1,"132":1,"133":1,"134":1,"135":0,"136":0,"137":1,"138":3,"139":3,"140":1,"141":2,"142":2,"143":2,"144":2,"145":2,"146":2,"147":0,"148":0,"149":0,"150":1},"f":{"0":2,"1":2,"2":2,"3":0,"4":0,"5":3,"6":3},"b":{"0":[1,1],"1":[1,1],"2":[1,1],"3":[1,0],"4":[1,0,0,0,0,0,0,0,0,0,0],"5":[1,0],"6":[1,0],"7":[0,1],"8":[0,1],"9":[0,1],"10":[0,1],"11":[0,1],"12":[0,1],"13":[0,1],"14":[0,1],"15":[0,1],"16":[0,1],"17":[1,1],"18":[0,0],"19":[0,0],"20":[0,0],"21":[1,2],"22":[3,1,1],"23":[1,1],"24":[1,2],"25":[3,1,1],"26":[2,0]},"_coverageSchema":"1a1c01bbd47fc00a2c39e90264f33305004495a9","hash":"6ff04451102d2925640382e4614ddb608dbd0cc5","contentHash":"194b4c443f124428e34a0a0e40f56b139191b507e932e9bd69cee717fbbf08f9"},"C:\\Users\\jayad\\Desktop\\onelove_BE_UAT\\oneLove_BE_dev\\src\\posts\\loveIndex.js":{"path":"C:\\Users\\jayad\\Desktop\\onelove_BE_UAT\\oneLove_BE_dev\\src\\posts\\loveIndex.js","statementMap":{"0":{"start":{"line":1,"column":16},"end":{"line":1,"column":34}},"1":{"start":{"line":2,"column":17},"end":{"line":2,"column":33}},"2":{"start":{"line":3,"column":19},"end":{"line":3,"column":41}},"3":{"start":{"line":4,"column":17},"end":{"line":4,"column":49}},"4":{"start":{"line":5,"column":11},"end":{"line":5,"column":40}},"5":{"start":{"line":6,"column":22},"end":{"line":6,"column":52}},"6":{"start":{"line":7,"column":15},"end":{"line":7,"column":38}},"7":{"start":{"line":9,"column":0},"end":{"line":9,"column":29}},"8":{"start":{"line":10,"column":0},"end":{"line":10,"column":53}},"9":{"start":{"line":12,"column":0},"end":{"line":46,"column":3}},"10":{"start":{"line":14,"column":25},"end":{"line":14,"column":28}},"11":{"start":{"line":15,"column":4},"end":{"line":17,"column":5}},"12":{"start":{"line":16,"column":8},"end":{"line":16,"column":66}},"13":{"start":{"line":19,"column":35},"end":{"line":19,"column":43}},"14":{"start":{"line":20,"column":30},"end":{"line":20,"column":39}},"15":{"start":{"line":21,"column":4},"end":{"line":45,"column":5}},"16":{"start":{"line":22,"column":33},"end":{"line":22,"column":95}},"17":{"start":{"line":23,"column":38},"end":{"line":23,"column":87}},"18":{"start":{"line":24,"column":8},"end":{"line":26,"column":9}},"19":{"start":{"line":25,"column":12},"end":{"line":25,"column":70}},"20":{"start":{"line":28,"column":30},"end":{"line":28,"column":64}},"21":{"start":{"line":29,"column":26},"end":{"line":29,"column":78}},"22":{"start":{"line":29,"column":53},"end":{"line":29,"column":77}},"23":{"start":{"line":31,"column":8},"end":{"line":33,"column":9}},"24":{"start":{"line":32,"column":12},"end":{"line":32,"column":77}},"25":{"start":{"line":35,"column":8},"end":{"line":35,"column":51}},"26":{"start":{"line":36,"column":31},"end":{"line":36,"column":96}},"27":{"start":{"line":37,"column":34},"end":{"line":37,"column":80}},"28":{"start":{"line":38,"column":8},"end":{"line":38,"column":58}},"29":{"start":{"line":39,"column":26},"end":{"line":39,"column":46}},"30":{"start":{"line":41,"column":8},"end":{"line":41,"column":91}},"31":{"start":{"line":43,"column":8},"end":{"line":43,"column":54}},"32":{"start":{"line":44,"column":8},"end":{"line":44,"column":64}},"33":{"start":{"line":49,"column":0},"end":{"line":91,"column":3}},"34":{"start":{"line":51,"column":25},"end":{"line":51,"column":28}},"35":{"start":{"line":52,"column":9},"end":{"line":54,"column":10}},"36":{"start":{"line":53,"column":13},"end":{"line":53,"column":71}},"37":{"start":{"line":56,"column":24},"end":{"line":56,"column":32}},"38":{"start":{"line":57,"column":30},"end":{"line":57,"column":39}},"39":{"start":{"line":58,"column":4},"end":{"line":90,"column":5}},"40":{"start":{"line":59,"column":33},"end":{"line":59,"column":95}},"41":{"start":{"line":60,"column":38},"end":{"line":60,"column":87}},"42":{"start":{"line":62,"column":8},"end":{"line":64,"column":9}},"43":{"start":{"line":63,"column":12},"end":{"line":63,"column":70}},"44":{"start":{"line":66,"column":28},"end":{"line":66,"column":30}},"45":{"start":{"line":67,"column":8},"end":{"line":72,"column":9}},"46":{"start":{"line":68,"column":12},"end":{"line":68,"column":57}},"47":{"start":{"line":70,"column":12},"end":{"line":70,"column":78}},"48":{"start":{"line":71,"column":12},"end":{"line":71,"column":76}},"49":{"start":{"line":73,"column":31},"end":{"line":73,"column":88}},"50":{"start":{"line":73,"column":63},"end":{"line":73,"column":87}},"51":{"start":{"line":74,"column":8},"end":{"line":76,"column":9}},"52":{"start":{"line":75,"column":12},"end":{"line":75,"column":77}},"53":{"start":{"line":78,"column":8},"end":{"line":78,"column":48}},"54":{"start":{"line":80,"column":31},"end":{"line":80,"column":96}},"55":{"start":{"line":81,"column":34},"end":{"line":81,"column":80}},"56":{"start":{"line":82,"column":8},"end":{"line":82,"column":58}},"57":{"start":{"line":84,"column":26},"end":{"line":84,"column":46}},"58":{"start":{"line":85,"column":8},"end":{"line":85,"column":93}},"59":{"start":{"line":88,"column":8},"end":{"line":88,"column":56}},"60":{"start":{"line":89,"column":8},"end":{"line":89,"column":66}},"61":{"start":{"line":95,"column":0},"end":{"line":149,"column":3}},"62":{"start":{"line":97,"column":25},"end":{"line":97,"column":28}},"63":{"start":{"line":98,"column":9},"end":{"line":100,"column":10}},"64":{"start":{"line":99,"column":13},"end":{"line":99,"column":71}},"65":{"start":{"line":102,"column":30},"end":{"line":102,"column":39}},"66":{"start":{"line":103,"column":25},"end":{"line":103,"column":33}},"67":{"start":{"line":105,"column":4},"end":{"line":148,"column":5}},"68":{"start":{"line":106,"column":36},"end":{"line":106,"column":101}},"69":{"start":{"line":107,"column":41},"end":{"line":107,"column":93}},"70":{"start":{"line":109,"column":30},"end":{"line":109,"column":32}},"71":{"start":{"line":111,"column":8},"end":{"line":139,"column":9}},"72":{"start":{"line":112,"column":37},"end":{"line":112,"column":71}},"73":{"start":{"line":114,"column":12},"end":{"line":129,"column":13}},"74":{"start":{"line":115,"column":16},"end":{"line":115,"column":43}},"75":{"start":{"line":116,"column":19},"end":{"line":129,"column":13}},"76":{"start":{"line":117,"column":16},"end":{"line":117,"column":68}},"77":{"start":{"line":119,"column":16},"end":{"line":128,"column":17}},"78":{"start":{"line":120,"column":43},"end":{"line":120,"column":71}},"79":{"start":{"line":121,"column":20},"end":{"line":121,"column":70}},"80":{"start":{"line":123,"column":20},"end":{"line":123,"column":80}},"81":{"start":{"line":124,"column":20},"end":{"line":126,"column":23}},"82":{"start":{"line":127,"column":20},"end":{"line":127,"column":27}},"83":{"start":{"line":131,"column":32},"end":{"line":131,"column":100}},"84":{"start":{"line":132,"column":33},"end":{"line":132,"column":81}},"85":{"start":{"line":133,"column":12},"end":{"line":133,"column":54}},"86":{"start":{"line":136,"column":32},"end":{"line":136,"column":86}},"87":{"start":{"line":137,"column":33},"end":{"line":137,"column":59}},"88":{"start":{"line":138,"column":12},"end":{"line":138,"column":54}},"89":{"start":{"line":140,"column":8},"end":{"line":142,"column":11}},"90":{"start":{"line":144,"column":8},"end":{"line":144,"column":66}},"91":{"start":{"line":145,"column":8},"end":{"line":147,"column":11}},"92":{"start":{"line":153,"column":0},"end":{"line":190,"column":3}},"93":{"start":{"line":154,"column":39},"end":{"line":154,"column":48}},"94":{"start":{"line":156,"column":4},"end":{"line":189,"column":5}},"95":{"start":{"line":157,"column":36},"end":{"line":157,"column":101}},"96":{"start":{"line":158,"column":41},"end":{"line":158,"column":93}},"97":{"start":{"line":160,"column":8},"end":{"line":162,"column":9}},"98":{"start":{"line":161,"column":12},"end":{"line":161,"column":71}},"99":{"start":{"line":164,"column":31},"end":{"line":164,"column":33}},"100":{"start":{"line":166,"column":8},"end":{"line":173,"column":9}},"101":{"start":{"line":167,"column":12},"end":{"line":172,"column":13}},"102":{"start":{"line":168,"column":16},"end":{"line":168,"column":70}},"103":{"start":{"line":170,"column":16},"end":{"line":170,"column":91}},"104":{"start":{"line":171,"column":16},"end":{"line":171,"column":84}},"105":{"start":{"line":174,"column":29},"end":{"line":174,"column":95}},"106":{"start":{"line":174,"column":67},"end":{"line":174,"column":94}},"107":{"start":{"line":176,"column":8},"end":{"line":178,"column":9}},"108":{"start":{"line":177,"column":12},"end":{"line":177,"column":69}},"109":{"start":{"line":179,"column":8},"end":{"line":179,"column":49}},"110":{"start":{"line":181,"column":34},"end":{"line":181,"column":102}},"111":{"start":{"line":182,"column":37},"end":{"line":182,"column":86}},"112":{"start":{"line":183,"column":8},"end":{"line":183,"column":64}},"113":{"start":{"line":185,"column":8},"end":{"line":185,"column":64}},"114":{"start":{"line":187,"column":8},"end":{"line":187,"column":59}},"115":{"start":{"line":188,"column":8},"end":{"line":188,"column":69}},"116":{"start":{"line":194,"column":0},"end":{"line":230,"column":7}},"117":{"start":{"line":195,"column":24},"end":{"line":195,"column":41}},"118":{"start":{"line":196,"column":8},"end":{"line":229,"column":9}},"119":{"start":{"line":197,"column":24},"end":{"line":197,"c
[...]
column":55}},"21":{"start":{"line":32,"column":28},"end":{"line":32,"column":38}},"22":{"start":{"line":34,"column":20},"end":{"line":34,"column":132}},"23":{"start":{"line":35,"column":23},"end":{"line":35,"column":98}},"24":{"start":{"line":36,"column":25},"end":{"line":36,"column":52}},"25":{"start":{"line":38,"column":21},"end":{"line":38,"column":89}},"26":{"start":{"line":39,"column":29},"end":{"line":39,"column":49}},"27":{"start":{"line":40,"column":26},"end":{"line":40,"column":51}},"28":{"start":{"line":41,"column":8},"end":{"line":41,"column":46}},"29":{"start":{"line":43,"column":21},"end":{"line":43,"column":65}},"30":{"start":{"line":44,"column":23},"end":{"line":44,"column":34}},"31":{"start":{"line":45,"column":24},"end":{"line":45,"column":44}},"32":{"start":{"line":46,"column":25},"end":{"line":46,"column":33}},"33":{"start":{"line":48,"column":8},"end":{"line":48,"column":75}},"34":{"start":{"line":50,"column":8},"end":{"line":53,"column":11}},"35":{"start":{"line":55,"column":8},"end":{"line":55,"column":56}},"36":{"start":{"line":56,"column":8},"end":{"line":58,"column":11}},"37":{"start":{"line":63,"column":4},"end":{"line":63,"column":61}},"38":{"start":{"line":67,"column":16},"end":{"line":67,"column":81}},"39":{"start":{"line":68,"column":21},"end":{"line":68,"column":52}},"40":{"start":{"line":69,"column":4},"end":{"line":69,"column":33}},"41":{"start":{"line":74,"column":0},"end":{"line":97,"column":3}},"42":{"start":{"line":75,"column":4},"end":{"line":96,"column":5}},"43":{"start":{"line":76,"column":20},"end":{"line":83,"column":69}},"44":{"start":{"line":84,"column":25},"end":{"line":84,"column":44}},"45":{"start":{"line":85,"column":27},"end":{"line":85,"column":61}},"46":{"start":{"line":86,"column":8},"end":{"line":89,"column":11}},"47":{"start":{"line":92,"column":8},"end":{"line":92,"column":57}},"48":{"start":{"line":93,"column":8},"end":{"line":95,"column":11}},"49":{"start":{"line":101,"column":0},"end":{"line":162,"column":3}},"50":{"start":{"line":102,"column":25},"end":{"line":102,"column":28}},"51":{"start":{"line":103,"column":4},"end":{"line":105,"column":5}},"52":{"start":{"line":104,"column":8},"end":{"line":104,"column":66}},"53":{"start":{"line":106,"column":44},"end":{"line":106,"column":53}},"54":{"start":{"line":108,"column":4},"end":{"line":161,"column":5}},"55":{"start":{"line":112,"column":8},"end":{"line":148,"column":9}},"56":{"start":{"line":113,"column":12},"end":{"line":122,"column":38}},"57":{"start":{"line":123,"column":12},"end":{"line":123,"column":31}},"58":{"start":{"line":124,"column":15},"end":{"line":148,"column":9}},"59":{"start":{"line":125,"column":12},"end":{"line":134,"column":38}},"60":{"start":{"line":135,"column":12},"end":{"line":135,"column":32}},"61":{"start":{"line":136,"column":15},"end":{"line":148,"column":9}},"62":{"start":{"line":137,"column":12},"end":{"line":146,"column":38}},"63":{"start":{"line":147,"column":12},"end":{"line":147,"column":32}},"64":{"start":{"line":150,"column":25},"end":{"line":150,"column":52}},"65":{"start":{"line":151,"column":27},"end":{"line":151,"column":61}},"66":{"start":{"line":152,"column":8},"end":{"line":155,"column":11}},"67":{"start":{"line":157,"column":8},"end":{"line":157,"column":57}},"68":{"start":{"line":158,"column":8},"end":{"line":160,"column":11}},"69":{"start":{"line":165,"column":0},"end":{"line":203,"column":3}},"70":{"start":{"line":167,"column":25},"end":{"line":167,"column":28}},"71":{"start":{"line":168,"column":4},"end":{"line":170,"column":5}},"72":{"start":{"line":169,"column":8},"end":{"line":169,"column":66}},"73":{"start":{"line":172,"column":21},"end":{"line":172,"column":39}},"74":{"start":{"line":173,"column":21},"end":{"line":173,"column":38}},"75":{"start":{"line":174,"column":19},"end":{"line":174,"column":34}},"76":{"start":{"line":175,"column":1},"end":{"line":202,"column":2}},"77":{"start":{"line":176,"column":19},"end":{"line":176,"column":76}},"78":{"start":{"line":177,"column":22},"end":{"line":177,"column":40}},"79":{"start":{"line":178,"column":24},"end":{"line":178,"column":50}},"80":{"start":{"line":180,"column":0},"end":{"line":192,"column":1}},"81":{"start":{"line":181,"column":20},"end":{"line":181,"column":88}},"82":{"start":{"line":182,"column":29},"end":{"line":182,"column":49}},"83":{"start":{"line":183,"column":26},"end":{"line":183,"column":51}},"84":{"start":{"line":184,"column":8},"end":{"line":184,"column":46}},"85":{"start":{"line":186,"column":21},"end":{"line":186,"column":70}},"86":{"start":{"line":187,"column":23},"end":{"line":187,"column":34}},"87":{"start":{"line":188,"column":24},"end":{"line":188,"column":44}},"88":{"start":{"line":189,"column":25},"end":{"line":189,"column":33}},"89":{"start":{"line":191,"column":8},"end":{"line":191,"column":75}},"90":{"start":{"line":194,"column":4},"end":{"line":197,"column":7}},"91":{"start":{"line":200,"column":6},"end":{"line":200,"column":56}},"92":{"start":{"line":201,"column":6},"end":{"line":201,"column":76}},"93":{"start":{"line":206,"column":0},"end":{"line":206,"column":24}}},"fnMap":{"0":{"name":"(anonymous_0)","decl":{"start":{"line":15,"column":48},"end":{"line":15,"column":49}},"loc":{"start":{"line":15,"column":68},"end":{"line":60,"column":1}},"line":15},"1":{"name":"generateRandomNumber","decl":{"start":{"line":62,"column":9},"end":{"line":62,"column":29}},"loc":{"start":{"line":62,"column":40},"end":{"line":64,"column":1}},"line":62},"2":{"name":"isOrderNoUnique","decl":{"start":{"line":66,"column":15},"end":{"line":66,"column":30}},"loc":{"start":{"line":66,"column":41},"end":{"line":70,"column":1}},"line":66},"3":{"name":"(anonymous_3)","decl":{"start":{"line":74,"column":51},"end":{"line":74,"column":52}},"loc":{"start":{"line":74,"column":67},"end":{"line":97,"column":1}},"line":74},"4":{"name":"(anonymous_4)","decl":{"start":{"line":101,"column":48},"end":{"line":101,"column":49}},"loc":{"start":{"line":101,"column":68},"end":{"line":162,"column":1}},"line":101},"5":{"name":"(anonymous_5)","decl":{"start":{"line":165,"column":54},"end":{"line":165,"column":55}},"loc":{"start":{"line":165,"column":70},"end":{"line":203,"column":1}},"line":165}},"branchMap":{"0":{"loc":{"start":{"line":18,"column":4},"end":{"line":20,"column":5}},"type":"if","locations":[{"start":{"line":18,"column":4},"end":{"line":20,"column":5}},{"start":{"line":18,"column":4},"end":{"line":20,"column":5}}],"line":18},"1":{"loc":{"start":{"line":103,"column":4},"end":{"line":105,"column":5}},"type":"if","locations":[{"start":{"line":103,"column":4},"end":{"line":105,"column":5}},{"start":{"line":103,"column":4},"end":{"line":105,"column":5}}],"line":103},"2":{"loc":{"start":{"line":103,"column":8},"end":{"line":103,"column":59}},"type":"binary-expr","locations":[{"start":{"line":103,"column":8},"end":{"line":103,"column":32}},{"start":{"line":103,"column":35},"end":{"line":103,"column":59}}],"line":103},"3":{"loc":{"start":{"line":112,"column":8},"end":{"line":148,"column":9}},"type":"if","locations":[{"start":{"line":112,"column":8},"end":{"line":148,"column":9}},{"start":{"line":112,"column":8},"end":{"line":148,"column":9}}],"line":112},"4":{"loc":{"start":{"line":124,"column":15},"end":{"line":148,"column":9}},"type":"if","locations":[{"start":{"line":124,"column":15},"end":{"line":148,"column":9}},{"start":{"line":124,"column":15},"end":{"line":148,"column":9}}],"line":124},"5":{"loc":{"start":{"line":136,"column":15},"end":{"line":148,"column":9}},"type":"if","locations":[{"start":{"line":136,"column":15},"end":{"line":148,"column":9}},{"start":{"line":136,"column":15},"end":{"line":148,"column":9}}],"line":136},"6":{"loc":{"start":{"line":168,"column":4},"end":{"line":170,"column":5}},"type":"if","locations":[{"start":{"line":168,"column":4},"end":{"line":170,"column":5}},{"start":{"line":168,"column":4},"end":{"line":170,"column":5}}],"line":168},"7":{"loc":{"start":{"line":168,"column":8},"end":{"line":168,"column":60}},"type":"binary-expr","locations":[{"start":{"line":168,"column":8},"end":{"line":168,"column":32}},{"start":{"line":168,"column":36},"end":{"line":168,"column":60}}],"line":168},"8":{"loc":{"start":{"line":180,"column":0},"end":{"line":192,"column":1}},"type":"if","locations":[{"start":{"line":180,"column":0},"end":{"line":192,"column":1}},{"start":{"line":180,"column":0},"end":{"line":192,"column":1}}],"line":180}},"s":{"0":1,"1":1,"2":1,"3":1,"4":1,"5":1,"6":1,"7":1,"8":1,"9":1,"10":1,"11":1,"12":2,"13":2,"14":1,"15":1,"16":1,"17":1,"18":1,"19":1,"20":1,"21":1,"22":1,"23":1,"24":1,"25":1,"26":1,"27":1,"28":1,"29":1,"30":1,"31":1,"32":1,"33":1,"34":1,"35":0,"36":0,"37":1,"38":1,"39":1,"40":1,"41":1,"42":0,"43":0,"44":0,"45":0,"46":0,"47":0,"48":0,"49":1,"50":4,"51":4,"52":1,"53":3,"54":3,"55":3,"56":1,"57":1,"58":2,"59":2,"60":2,"61":0,"62":0,"63":0,"64":3,"65":3,"66":3,"67":0,"68":0,"69":1,"70":2,"71":2,"72":1,"73":1,"74":1,"75":1,"76":1,"77":1,"78":1,"79":1,"80":1,"81":0,"82":0,"83":0,"84":0,"85":0,"86":0,"87":0,"88":0,"89":0,"90":1,"91":0,"92":0,"93":1},"f":{"0":2,"1":1,"2":1,"3":0,"4":4,"5":2},"b":{"0":[1,1],"1":[1,3],"2":[4,2],"3":[1,2],"4":[2,0],"5":[0,0],"6":[1,1],"7":[2,1],"8":[0,1]},"_coverageSchema":"1a1c01bbd47fc00a2c39e90264f33305004495a9","hash":"21c597c61474362d2cb30054cd8c29aa506d15ac","contentHash":"5b6559423047fd3ee13d75e41b0aab483d040fb413909eed3c9e944d48ab9454"},"C:\\Users\\jayad\\Desktop\\onelove_BE_UAT\\oneLove_BE_dev\\src\\messages\\message.js":{"path":"C:\\Users\\jayad\\Desktop\\onelove_BE_UAT\\oneLove_BE_dev\\src\\messages\\message.js","statementMap":{"0":{"start":{"line":1,"column":16},"end":{"line":1,"column":34}},"1":{"start":{"line":2,"column":16},"end":{"line":2,"column":32}},"2":{"start":{"line":3,"column":19},"end":{"line":3,"column":41}},"3":{"start":{"line":4,"column":17},"end":{"line":4,"column":49}},"4":{"start":{"line":5,"column":11},"end":{"line":5,"column":40}},"5":{"start":{"line":6,"column":13},"end":{"line":6,"column":33}},"6":{"start":{"line":7,"column":15},"end":{"line":7,"column":32}},"7":{"start":{"line":8,"column":15},"end":{"line":8,"column":38}},"8":{"start":{"line":9,"column":13},"end":{"line":9,"column":28}},"9":{"start":{"line":10,"column":19},"end":{"line":10,"column":39}},"10":{"start":{"line":11,"column":11},"end":{"line":11,"column":24}},"11":{"start":{"line":12,"column":19},"end":{"line":12,"column":38}},"12":{"start":{"line":13,"column":20},"end":{"line":13,"column":57}},"13":{"start":{"line":14,"column":22},"end":{"line":14,"column":52}},"14":{"start":{"line":16,"column":11},"end":{"line":16,"column":33}},"15":{"start":{"line":18,"column":0},"end":{"line":18,"column":28}},"16":{"start":{"line":19,"column":0},"end":{"line":19,"column":52}},"17":{"start":{"line":21,"column":22},"end":{"line":21,"column":31}},"18":{"start":{"line":23,"column":0},"end":{"line":86,"column":3}},"19":{"start":{"line":24,"column":2},"end":{"line":24,"column":34}},"20":{"start":{"line":25,"column":2},"end":{"line":25,"column":42}},"21":{"start":{"line":28,"column":2},"end":{"line":30,"column":5}},"22":{"start":{"line":29,"column":4},"end":{"line":29,"column":42}},"23":{"start":{"line":32,"column":2},"end":{"line":78,"column":5}},"24":{"start":{"line":33,"column":4},"end":{"line":77,"column":5}},"25":{"start":{"line":34,"column":55},"end":{"line":34,"column":59}},"26":{"start":{"line":35,"column":18},"end":{"line":35,"column":100}},"27":{"start":{"line":36,"column":29},"end":{"line":36,"column":47}},"28":{"start":{"line":37,"column":6},"end":{"line":37,"column":74}},"29":{"start":{"line":39,"column":31},"end":{"line":39,"column":61}},"30":{"start":{"line":41,"column":6},"end":{"line":41,"column":56}},"31":{"start":{"line":42,"column":6},"end":{"line":42,"column":48}},"32":{"start":{"line":43,"column":6},"end":{"line":45,"column":7}},"33":{"start":{"line":44,"column":8},"end":{"line":44,"column":62}},"34":{"start":{"line":46,"column":6},"end":{"line":46,"column":51}},"35":{"start":{"line":48,"column":19},"end":{"line":48,"column":89}},"36":{"start":{"line":49,"column":27},"end":{"line":49,"column":47}},"37":{"start":{"line":50,"column":24},"end":{"line":50,"column":49}},"38":{"start":{"line":51,"column":6},"end":{"line":51,"column":44}},"39":{"start":{"line":53,"column":19},"end":{"line":53,"column":85}},"40":{"start":{"line":54,"column":27},"end":{"line":54,"column":47}},"41":{"start":{"line":55,"column":24},"end":{"line":55,"column":47}},"42":{"start":{"line":57,"column":19},"end":{"line":57,"column":87}},"43":{"start":{"line":58,"column":27},"end":{"line":58,"column":47}},"44":{"start":{"line":59,"column":24},"end":{"line":59,"column":47}},"45":{"start":{"line":61,"column":30},"end":{"line":66,"column":7}},"46":{"start":{"line":68,"column":19},"end":{"line":68,"column":61}},"47":{"start":{"line":69,"column":21},"end":{"line":69,"column":32}},"48":{"start":{"line":70,"column":22},"end":{"line":70,"column":35}},"49":{"start":{"line":71,"column":23},"end":{"line":71,"column":49}},"50":{"start":{"line":73,"column":6},"end":{"line":73,"column":73}},"51":{"start":{"line":76,"column":6},"end":{"line":76,"column":52}},"52":{"start":{"line":82,"column":2},"end":{"line":85,"column":5}},"53":{"start":{"line":83,"column":4},"end":{"line":83,"column":39}},"54":{"start":{"line":84,"column":4},"end":{"line":84,"column":47}},"55":{"start":{"line":90,"column":0},"end":{"line":111,"column":3}},"56":{"start":{"line":91,"column":2},"end":{"line":110,"column":3}},"57":{"start":{"line":92,"column":39},"end":{"line":92,"column":48}},"58":{"start":{"line":93,"column":16},"end":{"line":93,"column":139}},"59":{"start":{"line":94,"column":23},"end":{"line":94,"column":92}},"60":{"start":{"line":95,"column":18},"end":{"line":99,"column":7}},"61":{"start":{"line":95,"column":45},"end":{"line":99,"column":5}},"62":{"start":{"line":101,"column":17},"end":{"line":101,"column":50}},"63":{"start":{"line":103,"column":4},"end":{"line":106,"column":7}},"64":{"start":{"line":108,"column":4},"end":{"line":108,"column":51}},"65":{"start":{"line":109,"column":4},"end":{"line":109,"column":62}},"66":{"start":{"line":114,"column":0},"end":{"line":150,"column":3}},"67":{"start":{"line":115,"column":2},"end":{"line":149,"column":3}},"68":{"start":{"line":116,"column":24},"end":{"line":116,"column":33}},"69":{"start":{"line":118,"column":16},"end":{"line":137,"column":3}},"70":{"start":{"line":139,"column":26},"end":{"line":139,"column":74}},"71":{"start":{"line":140,"column":17},"end":{"line":140,"column":56}},"72":{"start":{"line":142,"column":4},"end":{"line":145,"column":7}},"73":{"start":{"line":147,"column":4},"end":{"line":147,"column":55}},"74":{"start":{"line":148,"column":4},"end":{"line":148,"column":62}},"75":{"start":{"line":170,"column":0},"end":{"line":184,"column":3}},"76":{"start":{"line":171,"column":2},"end":{"line":183,"column":3}},"77":{"start":{"line":172,"column":24},"end":{"line":172,"column":34}},"78":{"start":{"line":173,"column":31},"end":{"line":173,"column":74}},"79":{"start":{"line":174,"column":16},"end":{"line":174,"column":53}},"80":{"start":{"line":175,"column":24},"end":{"line":175,"column":65}},"81":{"start":{"line":177,"column":4},"end":{"line":179,"column":5}},"82":{"start":{"line":178,"column":6},"end":{"line":178,"column":47}},"83":{"start":{"line":182,"column":4},"end":{"line":182,"column":61}},"84":{"start":{"line":187,"column":0},"end":{"line":208,"column":3}},"85":{"start":{"line":188,"column":2},"end":{"line":207,"column":3}},"86":{"start":{"line":189,"column":19},"end":{"line":189,"column":36}},"87":{"start":{"line":191,"column":4},"end":{"line":193,"column":5}},"88":{"start":{"line":192,"column":6},"end":{"line":192,"column":70}},"89":{"start":{"line":195,"column":16},"end":{"line":195,"column":136}},"90":{"start":{"line":196,"column":19},"end":{"line":196,"column":48}},"91":{"start":{"line":198,"column":4},"end":{"line":200,"column":5}},"92":{"start":{"line":199,"column":6},"end":{"line":199,"column":65}},"93":{"start":{"line":202,"column":25},"end":{"line":202,"column":46}},"94":{"start":{"line":203,"column":4},"end":{"line":203,"column":65}},"95":{"start":{"line":205,"column":4},"end":{"line":205,"column":35}},"96":{"start":{"line":206,"column":4},"end":{"line":206,"column":66}},"97":{"start":{"line":212,"column":0},"end":{"line":212,"column":25}},"98":{"start":{"line":213,"column":0},"end":{"line":213,"column":23}}},"fnMap":{"0":{"name":"(anonymous_0)","decl":{"start":{"line":23,"column":20},"end":{"line":23,"column":21}},"loc":{"start":{"line":23,"column":32},"end":{"line":86,"column":1}},"line":23},"1":{"name":"(anonymous_1)","decl":{"start":{"line":28,"column":27},"end":{"line":28,"column":28}},"loc":{"start":{"line":28,"column":40},"end":{"line":30,"column":3}},"line":28},"2":{"name":"(anonymous_2)","decl":{"start":{"line":32,"column":28},"end":{"line":32,"column":29}},"loc":{"start":{"line":32,"column":44},"end":{"line":78,"column":3}},"line":32},"3":{"name":"(anonymous_3)","decl":{"start":{"line":82,"column":26},"end":{"line":82,"column":27}},"loc":{"start":{"line":82,"column":32},"end":{"line":85,"column":3}},"line":82},"4":{"name":"(anonymous_4)","decl":{"start":{"line":90,"column":51},"end":{"line":90,"column":52}},"loc":{"start":{"line":90,"column":71},"end":{"line":111,"column":1}},"line":90},"5":{"name":"(anonymous_5)","decl":{"start":{"line":95,"column":31},"end":{"line":95,"column":32}},"loc":{"start":{"line":95,"column":45},"end":{"line":99,"column":5}},"line":95},"6":{"name":"(anonymous_6)","decl":{"start":{"line":114,"column":55},"end":{"line":114,"column":56}},"loc":{"start":{"line":114,"column":75},"end":{"line":150,"column":1}},"line":114},"7":{"name":"(anonymous_7)","decl":{"start":{"line":170,"column":56},"end":{"line":170,"column":57}},"loc":{"start":{"line":170,"column":68},"end":{"line":184,"column":1}},"line":170},"8":{"name":"(anonymous_8)","decl":{"start":{"line":187,"column":34},"end":{"line":187,"column":35}},"loc":{"start":{"line":187,"column":54},"end":{"line":208,"column":1}},"line":187}},"branchMap":{"0":{"loc":{"start":{"line":43,"column":6},"end":{"line":45,"column":7}},"type":"if","locations":[{"start":{"line":43,"column":6},"end":{"line":45,"column":7}},{"start":{"line":43,"column":6},"end":{"line":45,"column":7}}],"line":43},"1":{"loc":{"start":{"line":177,"column":4},"end":{"line":179,"column":5}},"type":"if","locations":[{"start":{"line":177,"column":4},"end":{"line":179,"column":5}},{"start":{"line":177,"column":4},"end":{"line":179,"column":5}}],"line":177},"2":{"loc":{"start":{"line":191,"column":4},"end":{"line":193,"column":5}},"type":"if","locations":[{"start":{"line":191,"column":4},"end":{"line":193,"column":5}},{"start":{"line":191,"column":4},"end":{"line":193,"column":5}}],"line":191},"3":{"loc":{"start":{"line":198,"column":4},"end":{"line":200,"column":5}},"type":"if","locations":[{"start":{"line":198,"column":4},"end":{"line":200,"column":5}},{"start":{"line":198,"column":4},"end":{"line":200,"column":5}}],"line":198}},"s":{"0":1,"1":1,"2":1,"3":1,"4":1,"5":1,"6":1,"7":1,"8":1,"9":1,"10":1,"11":1,"12":1,"13":1,"14":1,"15":1,"16":1,"17":1,"18":1,"19":0,"20":0,"21":0,"22":0,"23":0,"24":0,"25":0,"26":0,"27":0,"28":0,"29":0,"30":0,"31":0,"32":0,"33":0,"34":0,"35":0,"36":0,"37":0,"38":0,"39":0,"40":0,"41":0,"42":0,"43":0,"44":0,"45":0,"46":0,"47":0,"48":0,"49":0,"50":0,"51":0,"52":0,"53":0,"54":0,"55":1,"56":2,"57":2,"58":2,"59":2,"60":1,"61":0,"62":1,"63":1,"64":1,"65":1,"66":1,"67":1,"68":1,"69":1,"70":1,"71":1,"72":1,"73":0,"74":0,"75":1,"76":0,"77":0,"78":0,"79":0,"80":0,"81":0,"82":0,"83":0,"84":1,"85":0,"86":0,"87":0,"88":0,"89":0,"90":0,"91":0,"92":0,"93":0,"94":0,"95":0,"96":0,"97":1,"98":1},"f":{"0":0,"1":0,"2":0,"3":0,"4":2,"5":0,"6":1,"7":0,"8":0},"b":{"0":[0,0],"1":[0,0],"2":[0,0],"3":[0,0]},"_coverageSchema":"1a1c01bbd47fc00a2c39e90264f33305004495a9","hash":"9db5207770dcdc7b8d848b8c5c2f731e475738fc","contentHash":"cc1c7c253a1ef407e49c7ab7da60da78ad4387cacf60ed70bddd2f1892a8f7ef"}}